resuming bayesian/07e509b8/5c7374c2_info.json
resuming bayesian/07e509b8/4b36dfe8_info.json
resuming bayesian/07e509b8/1f2c5030_info.json
resuming bayesian/07e509b8/928892e4_info.json
resuming bayesian/07e509b8/cf290bba_info.json
resuming bayesian/07e509b8/491ea382_info.json
resuming bayesian/07e509b8/96828d61_info.json
resuming bayesian/07e509b8/ae8e4e0e_info.json
resuming bayesian/07e509b8/f8a50196_info.json
resuming bayesian/07e509b8/7def8e85_info.json
resuming bayesian/07e509b8/e7515718_info.json
resuming bayesian/07e509b8/c391e0a7_info.json
resuming bayesian/07e509b8/1feb6cf9_info.json
resuming bayesian/07e509b8/f7abe20d_info.json
resuming bayesian/07e509b8/5bb40ec0_info.json
resuming bayesian/07e509b8/dff71c62_info.json
resuming bayesian/07e509b8/2dbcee29_info.json
resuming bayesian/07e509b8/dd5f58db_info.json
resuming bayesian/07e509b8/54c1ab1c_info.json
resuming bayesian/07e509b8/eaf2999e_info.json
resuming bayesian/07e509b8/d240630c_info.json
resuming bayesian/07e509b8/6f873264_info.json
resuming bayesian/07e509b8/8302dfea_info.json
resuming bayesian/07e509b8/deab756c_info.json
resuming bayesian/07e509b8/4cb68ca5_info.json
resuming bayesian/07e509b8/722775cd_info.json
resuming bayesian/07e509b8/1b06de9f_info.json
resuming bayesian/07e509b8/60b89e45_info.json
resuming bayesian/07e509b8/e6b390de_info.json
resuming bayesian/07e509b8/27c1f5d7_info.json
resuming bayesian/07e509b8/ad248e31_info.json
resuming bayesian/07e509b8/20f84e2a_info.json
resuming bayesian/07e509b8/c58f755b_info.json
resuming bayesian/07e509b8/05e041bd_info.json
resuming bayesian/07e509b8/c98cc1fe_info.json
resuming bayesian/07e509b8/21b49dc6_info.json
resuming bayesian/07e509b8/d0824adb_info.json
resuming bayesian/07e509b8/c7c9c205_info.json
resuming bayesian/07e509b8/dae3e319_info.json
resuming bayesian/07e509b8/d63febc8_info.json
resuming bayesian/07e509b8/646d6ffd_info.json
resuming bayesian/07e509b8/89333617_info.json
resuming bayesian/07e509b8/eb916b23_info.json
resuming bayesian/07e509b8/8bf3f227_info.json
resuming bayesian/07e509b8/a2d11422_info.json
resuming bayesian/07e509b8/ffb6acd9_info.json
resuming bayesian/07e509b8/01802231_info.json
resuming bayesian/07e509b8/a9dbabf8_info.json
resuming bayesian/07e509b8/094e848a_info.json
resuming bayesian/07e509b8/66a0f0e2_info.json
resuming bayesian/07e509b8/b97de31a_info.json
resuming bayesian/07e509b8/9b8c9e60_info.json
resuming bayesian/07e509b8/d6666add_info.json
resuming bayesian/07e509b8/117ab10a_info.json
resuming bayesian/07e509b8/f01469ec_info.json
resuming bayesian/07e509b8/51d18c28_info.json
resuming bayesian/07e509b8/712725cb_info.json
resuming bayesian/07e509b8/37f2db23_info.json
resuming bayesian/07e509b8/903e5a7a_info.json
resuming bayesian/07e509b8/40b0af0b_info.json
resuming bayesian/07e509b8/2cfc0de6_info.json
resuming bayesian/07e509b8/5de1e5db_info.json
resuming bayesian/07e509b8/be277387_info.json
resuming bayesian/07e509b8/ace93632_info.json
resuming bayesian/07e509b8/4f265bcb_info.json
resuming bayesian/07e509b8/951536fe_info.json
resuming bayesian/07e509b8/5e7716bb_info.json
resuming bayesian/07e509b8/1ba62415_info.json
resuming bayesian/07e509b8/fdae282b_info.json
resuming bayesian/07e509b8/6842bede_info.json
resuming bayesian/07e509b8/e4182431_info.json
resuming bayesian/07e509b8/f14e9bb9_info.json
resuming bayesian/07e509b8/2919fae7_info.json
resuming bayesian/07e509b8/913c1c89_info.json
resuming bayesian/07e509b8/79800ae9_info.json
resuming bayesian/07e509b8/48d5fe12_info.json
resuming bayesian/07e509b8/2a95b4a8_info.json
resuming bayesian/07e509b8/d6e0b144_info.json
resuming bayesian/07e509b8/a88d496c_info.json
resuming bayesian/07e509b8/f458bb64_info.json
resuming bayesian/07e509b8/78190be8_info.json
resuming bayesian/07e509b8/b36f6611_info.json
resuming bayesian/07e509b8/94960ab0_info.json
resuming bayesian/07e509b8/028fc5bb_info.json
resuming bayesian/07e509b8/816de9e6_info.json
resuming bayesian/07e509b8/2ad604db_info.json
resuming bayesian/07e509b8/6aa759fa_info.json
resuming bayesian/07e509b8/18eb736d_info.json
resuming bayesian/07e509b8/8b448d9d_info.json
resuming bayesian/07e509b8/6378bea4_info.json
resuming bayesian/07e509b8/253ea4a7_info.json
resuming bayesian/07e509b8/9388cc0a_info.json
resuming bayesian/07e509b8/68f2dcf0_info.json
resuming bayesian/07e509b8/658954bf_info.json
resuming bayesian/07e509b8/888f227a_info.json
resuming bayesian/07e509b8/6579cad1_info.json
resuming bayesian/07e509b8/90df9078_info.json
resuming bayesian/07e509b8/b56d5ac3_info.json
resuming bayesian/07e509b8/2ef139f0_info.json
resuming bayesian/07e509b8/09c8162a_info.json
resuming bayesian/07e509b8/722645dc_info.json
resuming bayesian/07e509b8/a4f4a3dc_info.json
resuming bayesian/07e509b8/f95c324a_info.json
resuming bayesian/07e509b8/2c9f1f40_info.json
resuming bayesian/07e509b8/18a1691c_info.json
resuming bayesian/07e509b8/7b13ec8b_info.json
resuming bayesian/07e509b8/24e3152d_info.json
resuming bayesian/07e509b8/46015a77_info.json
resuming bayesian/07e509b8/0aa50ee5_info.json
resuming bayesian/07e509b8/43de3ce8_info.json
resuming bayesian/07e509b8/15a6fbd9_info.json
resuming bayesian/07e509b8/55958d4e_info.json
resuming bayesian/07e509b8/5e59324d_info.json
resuming bayesian/07e509b8/4e6df816_info.json
resuming bayesian/07e509b8/1e6d2bcf_info.json
resuming bayesian/07e509b8/1bf70730_info.json
resuming bayesian/07e509b8/69d6594f_info.json
resuming bayesian/07e509b8/d3d581fa_info.json
resuming bayesian/07e509b8/1de691ad_info.json
resuming bayesian/07e509b8/02c5c051_info.json
resuming bayesian/07e509b8/e1594c75_info.json
resuming bayesian/07e509b8/bc29d372_info.json
resuming bayesian/07e509b8/053f6262_info.json
resuming bayesian/07e509b8/10893b28_info.json
resuming bayesian/07e509b8/af75ed41_info.json
resuming bayesian/07e509b8/1bac5789_info.json
resuming bayesian/07e509b8/605d4978_info.json
resuming bayesian/07e509b8/007207e0_info.json
resuming bayesian/07e509b8/974b524b_info.json
resuming bayesian/07e509b8/3965f339_info.json
resuming bayesian/07e509b8/9863a984_info.json
resuming bayesian/07e509b8/6ab33440_info.json
resuming bayesian/07e509b8/780c2bbb_info.json
resuming bayesian/07e509b8/6702d666_info.json
resuming bayesian/07e509b8/058c91a5_info.json
resuming bayesian/07e509b8/848239e7_info.json
resuming bayesian/07e509b8/00d673dd_info.json
resuming bayesian/07e509b8/1e80b49d_info.json
resuming bayesian/07e509b8/2184fbde_info.json

Resuming 139 targets for registering

(138 jobs left to resume)
(137 jobs left to resume)
optimizer 2184fbde is done!
optimizer 1e80b49d is done!


(136 jobs left to resume)
optimizer 00d673dd is done!
(135 jobs left to resume)

(134 jobs left to resume)
optimizer 848239e7 is done!
(133 jobs left to resume)

optimizer 058c91a5 is done!
optimizer 6702d666 is done!


(132 jobs left to resume)
optimizer 780c2bbb is done!

(131 jobs left to resume)
optimizer 6ab33440 is done!
(130 jobs left to resume)

optimizer 9863a984 is done!
(129 jobs left to resume)

optimizer 3965f339 is done!

(128 jobs left to resume)
optimizer 974b524b is done!

(127 jobs left to resume)
(126 jobs left to resume)
optimizer 007207e0 is done!
(125 jobs left to resume)

optimizer 1bac5789 is done!
optimizer 605d4978 is done!
(124 jobs left to resume)


(123 jobs left to resume)
optimizer af75ed41 is done!
(122 jobs left to resume)

optimizer 053f6262 is done!
optimizer 10893b28 is done!
(121 jobs left to resume)


optimizer bc29d372 is done!
(120 jobs left to resume)

optimizer e1594c75 is done!

(119 jobs left to resume)
optimizer 02c5c051 is done!
(118 jobs left to resume)

optimizer 1de691ad is done!

(117 jobs left to resume)
optimizer d3d581fa is done!
(116 jobs left to resume)

optimizer 69d6594f is done!
(115 jobs left to resume)

optimizer 1bf70730 is done!

(114 jobs left to resume)
optimizer 1e6d2bcf is done!
(113 jobs left to resume)

optimizer 4e6df816 is done!
(112 jobs left to resume)

optimizer 5e59324d is done!

(111 jobs left to resume)
(110 jobs left to resume)
optimizer 55958d4e is done!
(109 jobs left to resume)

optimizer 43de3ce8 is done!
optimizer 15a6fbd9 is done!
(108 jobs left to resume)

optimizer 0aa50ee5 is done!

(107 jobs left to resume)

optimizer 46015a77 is done!
(106 jobs left to resume)

(105 jobs left to resume)
optimizer 24e3152d is done!
optimizer 7b13ec8b is done!

(104 jobs left to resume)

optimizer 18a1691c is done!
(103 jobs left to resume)

(102 jobs left to resume)
optimizer 2c9f1f40 is done!
optimizer f95c324a is done!

(101 jobs left to resume)

optimizer a4f4a3dc is done!
(100 jobs left to resume)

(99 jobs left to resume)
optimizer 722645dc is done!
optimizer 09c8162a is done!

(98 jobs left to resume)

optimizer 2ef139f0 is done!
(97 jobs left to resume)

(96 jobs left to resume)
optimizer b56d5ac3 is done!
optimizer 90df9078 is done!

(95 jobs left to resume)

optimizer 6579cad1 is done!
(94 jobs left to resume)

(93 jobs left to resume)
optimizer 888f227a is done!
optimizer 658954bf is done!

(92 jobs left to resume)

optimizer 68f2dcf0 is done!
(91 jobs left to resume)

(90 jobs left to resume)
optimizer 9388cc0a is done!
optimizer 253ea4a7 is done!

(89 jobs left to resume)

optimizer 6378bea4 is done!
(88 jobs left to resume)

optimizer 8b448d9d is done!
(87 jobs left to resume)

optimizer 18eb736d is done!
(86 jobs left to resume)

(85 jobs left to resume)
optimizer 6aa759fa is done!
optimizer 2ad604db is done!

(84 jobs left to resume)

optimizer 816de9e6 is done!
(83 jobs left to resume)

(82 jobs left to resume)
optimizer 028fc5bb is done!
optimizer 94960ab0 is done!

(81 jobs left to resume)

optimizer b36f6611 is done!
(80 jobs left to resume)

optimizer 78190be8 is done!
(79 jobs left to resume)

(78 jobs left to resume)
optimizer f458bb64 is done!
optimizer a88d496c is done!

(77 jobs left to resume)

optimizer d6e0b144 is done!
(76 jobs left to resume)

optimizer 2a95b4a8 is done!
(75 jobs left to resume)

(74 jobs left to resume)
optimizer 48d5fe12 is done!
optimizer 79800ae9 is done!

(73 jobs left to resume)

optimizer 913c1c89 is done!
(72 jobs left to resume)

(71 jobs left to resume)
optimizer 2919fae7 is done!
optimizer f14e9bb9 is done!

(70 jobs left to resume)

optimizer e4182431 is done!
(69 jobs left to resume)

(68 jobs left to resume)
optimizer 6842bede is done!
optimizer fdae282b is done!

(67 jobs left to resume)

optimizer 1ba62415 is done!
(66 jobs left to resume)

optimizer 5e7716bb is done!
(65 jobs left to resume)

optimizer 951536fe is done!
(64 jobs left to resume)

(63 jobs left to resume)
optimizer 4f265bcb is done!
optimizer ace93632 is done!

(62 jobs left to resume)

optimizer be277387 is done!
(61 jobs left to resume)

optimizer 5de1e5db is done!
(60 jobs left to resume)

optimizer 2cfc0de6 is done!
(59 jobs left to resume)

(58 jobs left to resume)
optimizer 40b0af0b is done!
optimizer 903e5a7a is done!

(57 jobs left to resume)

optimizer 37f2db23 is done!
(56 jobs left to resume)

optimizer 712725cb is done!
(55 jobs left to resume)

optimizer 51d18c28 is done!
(54 jobs left to resume)

(53 jobs left to resume)
optimizer f01469ec is done!
optimizer 117ab10a is done!

(52 jobs left to resume)

optimizer d6666add is done!
(51 jobs left to resume)

optimizer 9b8c9e60 is done!
(50 jobs left to resume)

optimizer b97de31a is done!
(49 jobs left to resume)

(48 jobs left to resume)
optimizer 66a0f0e2 is done!
optimizer 094e848a is done!

(47 jobs left to resume)

optimizer a9dbabf8 is done!
(46 jobs left to resume)

optimizer 01802231 is done!
(45 jobs left to resume)

optimizer ffb6acd9 is done!
(44 jobs left to resume)

(43 jobs left to resume)
optimizer a2d11422 is done!
optimizer 8bf3f227 is done!

(42 jobs left to resume)

optimizer eb916b23 is done!
(41 jobs left to resume)

optimizer 89333617 is done!
(40 jobs left to resume)

optimizer 646d6ffd is done!
(39 jobs left to resume)

optimizer d63febc8 is done!
(38 jobs left to resume)

optimizer dae3e319 is done!
(37 jobs left to resume)

optimizer c7c9c205 is done!
(36 jobs left to resume)

optimizer d0824adb is done!
(35 jobs left to resume)

(34 jobs left to resume)
optimizer 21b49dc6 is done!
optimizer c98cc1fe is done!

(33 jobs left to resume)

optimizer 05e041bd is done!
(32 jobs left to resume)

optimizer c58f755b is done!
(31 jobs left to resume)

optimizer 20f84e2a is done!
(30 jobs left to resume)

(29 jobs left to resume)
optimizer ad248e31 is done!
optimizer 27c1f5d7 is done!

(28 jobs left to resume)

optimizer e6b390de is done!
(27 jobs left to resume)

optimizer 60b89e45 is done!
(26 jobs left to resume)

optimizer 1b06de9f is done!
(25 jobs left to resume)

(24 jobs left to resume)
optimizer 722775cd is done!
optimizer 4cb68ca5 is done!

(23 jobs left to resume)

optimizer deab756c is done!
(22 jobs left to resume)

(21 jobs left to resume)
optimizer 8302dfea is done!
optimizer 6f873264 is done!

(20 jobs left to resume)

optimizer d240630c is done!
(19 jobs left to resume)

(18 jobs left to resume)
optimizer eaf2999e is done!
optimizer 54c1ab1c is done!

(17 jobs left to resume)

optimizer dd5f58db is done!
(16 jobs left to resume)

optimizer 2dbcee29 is done!
(15 jobs left to resume)

optimizer dff71c62 is done!
(14 jobs left to resume)

(13 jobs left to resume)
optimizer 5bb40ec0 is done!
optimizer f7abe20d is done!

(12 jobs left to resume)

optimizer 1feb6cf9 is done!
(11 jobs left to resume)

optimizer c391e0a7 is done!
(10 jobs left to resume)

optimizer e7515718 is done!
(9 jobs left to resume)

optimizer 7def8e85 is done!
(8 jobs left to resume)

optimizer f8a50196 is done!
(7 jobs left to resume)

(6 jobs left to resume)
optimizer ae8e4e0e is done!
optimizer 96828d61 is done!

(5 jobs left to resume)

optimizer 491ea382 is done!

(4 jobs left to resume)
optimizer cf290bba is done!
(3 jobs left to resume)

optimizer 928892e4 is done!
(2 jobs left to resume)

optimizer 1f2c5030 is done!
(1 jobs left to resume)

optimizer 4b36dfe8 is done!
(0 jobs left to resume)

optimizer 5c7374c2 is done!

optimizer 2184fbde found a maximum value of: -8.759
optimizer 1e80b49d found a maximum value of: -8.381
optimizer 00d673dd found a maximum value of: -8.384
optimizer 848239e7 found a maximum value of: -8.222
optimizer 058c91a5 found a maximum value of: -8.8
optimizer 6702d666 found a maximum value of: -10.946
optimizer 780c2bbb found a maximum value of: -9.157
optimizer 6ab33440 found a maximum value of: -7.972
optimizer 9863a984 found a maximum value of: -8.408
optimizer 3965f339 found a maximum value of: -10.983
optimizer 974b524b found a maximum value of: -6.893
optimizer 007207e0 found a maximum value of: -9.018
optimizer 1bac5789 found a maximum value of: -8.704
optimizer 605d4978 found a maximum value of: -10.653
optimizer af75ed41 found a maximum value of: -9.453
optimizer 053f6262 found a maximum value of: -10.856
optimizer 10893b28 found a maximum value of: -11.876
optimizer bc29d372 found a maximum value of: -11.217
optimizer e1594c75 found a maximum value of: -9.853
optimizer 02c5c051 found a maximum value of: -11.718
optimizer 1de691ad found a maximum value of: -9.37
optimizer d3d581fa found a maximum value of: -11.503
optimizer 69d6594f found a maximum value of: -9.383
optimizer 1bf70730 found a maximum value of: -8.961
optimizer 1e6d2bcf found a maximum value of: -10.782
optimizer 4e6df816 found a maximum value of: -8.16
optimizer 5e59324d found a maximum value of: -12.267
optimizer 55958d4e found a maximum value of: -9.543
optimizer 43de3ce8 found a maximum value of: -8.69
optimizer 15a6fbd9 found a maximum value of: -8.966
optimizer 0aa50ee5 found a maximum value of: -8.559
optimizer 46015a77 found a maximum value of: -11.304
optimizer 24e3152d found a maximum value of: -8.816
optimizer 7b13ec8b found a maximum value of: -8.325
optimizer 18a1691c found a maximum value of: -9.158
optimizer 2c9f1f40 found a maximum value of: -9.668
optimizer f95c324a found a maximum value of: -9.454
optimizer a4f4a3dc found a maximum value of: -10.925
optimizer 722645dc found a maximum value of: -6.381
optimizer 09c8162a found a maximum value of: -11.518
optimizer 2ef139f0 found a maximum value of: -10.054
optimizer b56d5ac3 found a maximum value of: -6.893
optimizer 90df9078 found a maximum value of: -10.513
optimizer 6579cad1 found a maximum value of: -9.566
optimizer 888f227a found a maximum value of: -9.757
optimizer 658954bf found a maximum value of: -8.217
optimizer 68f2dcf0 found a maximum value of: -6.405
optimizer 9388cc0a found a maximum value of: -8.86
optimizer 253ea4a7 found a maximum value of: -11.659
optimizer 6378bea4 found a maximum value of: -6.893
optimizer 8b448d9d found a maximum value of: -11.367
optimizer 18eb736d found a maximum value of: -9.653
optimizer 6aa759fa found a maximum value of: -8.324
optimizer 2ad604db found a maximum value of: -8.572
optimizer 816de9e6 found a maximum value of: -9.358
optimizer 028fc5bb found a maximum value of: -8.208
optimizer 94960ab0 found a maximum value of: -6.893
optimizer b36f6611 found a maximum value of: -9.532
optimizer 78190be8 found a maximum value of: -11.292
optimizer f458bb64 found a maximum value of: -8.485
optimizer a88d496c found a maximum value of: -8.282
optimizer d6e0b144 found a maximum value of: -8.344
optimizer 2a95b4a8 found a maximum value of: -11.351
optimizer 48d5fe12 found a maximum value of: -11.046
optimizer 79800ae9 found a maximum value of: -11.154
optimizer 913c1c89 found a maximum value of: -11.27
optimizer 2919fae7 found a maximum value of: -11.782
optimizer f14e9bb9 found a maximum value of: -8.838
optimizer e4182431 found a maximum value of: -9.169
optimizer 6842bede found a maximum value of: -8.178
optimizer fdae282b found a maximum value of: -8.844
optimizer 1ba62415 found a maximum value of: -6.893
optimizer 5e7716bb found a maximum value of: -8.853
optimizer 951536fe found a maximum value of: -9.637
optimizer 4f265bcb found a maximum value of: -9.16
optimizer ace93632 found a maximum value of: -12.145
optimizer be277387 found a maximum value of: -6.893
optimizer 5de1e5db found a maximum value of: -11.486
optimizer 2cfc0de6 found a maximum value of: -9.227
optimizer 40b0af0b found a maximum value of: -11.502
optimizer 903e5a7a found a maximum value of: -11.532
optimizer 37f2db23 found a maximum value of: -8.316
optimizer 712725cb found a maximum value of: -12.002
optimizer 51d18c28 found a maximum value of: -8.299
optimizer f01469ec found a maximum value of: -8.89
optimizer 117ab10a found a maximum value of: -9.221
optimizer d6666add found a maximum value of: -6.893
optimizer 9b8c9e60 found a maximum value of: -11.559
optimizer b97de31a found a maximum value of: -11.848
optimizer 66a0f0e2 found a maximum value of: -8.635
optimizer 094e848a found a maximum value of: -9.176
optimizer a9dbabf8 found a maximum value of: -8.645
optimizer 01802231 found a maximum value of: -9.495
optimizer ffb6acd9 found a maximum value of: -9.595
optimizer a2d11422 found a maximum value of: -8.098
optimizer 8bf3f227 found a maximum value of: -6.893
optimizer eb916b23 found a maximum value of: -8.349
optimizer 89333617 found a maximum value of: -8.027
optimizer 646d6ffd found a maximum value of: -10.346
optimizer d63febc8 found a maximum value of: -9.87
optimizer dae3e319 found a maximum value of: -6.893
optimizer c7c9c205 found a maximum value of: -11.866
optimizer d0824adb found a maximum value of: -9.836
optimizer 21b49dc6 found a maximum value of: -8.429
optimizer c98cc1fe found a maximum value of: -11.537
optimizer 05e041bd found a maximum value of: -10.044
optimizer c58f755b found a maximum value of: -9.541
optimizer 20f84e2a found a maximum value of: -11.677
optimizer ad248e31 found a maximum value of: -11.59
optimizer 27c1f5d7 found a maximum value of: -6.893
optimizer e6b390de found a maximum value of: -9.248
optimizer 60b89e45 found a maximum value of: -8.863
optimizer 1b06de9f found a maximum value of: -5.887
optimizer 722775cd found a maximum value of: -10.339
optimizer 4cb68ca5 found a maximum value of: -11.491
optimizer deab756c found a maximum value of: -10.808
optimizer 8302dfea found a maximum value of: -8.858
optimizer 6f873264 found a maximum value of: -10.16
optimizer d240630c found a maximum value of: -9.06
optimizer eaf2999e found a maximum value of: -8.857
optimizer 54c1ab1c found a maximum value of: -9.438
optimizer dd5f58db found a maximum value of: -11.561
optimizer 2dbcee29 found a maximum value of: -11.859
optimizer dff71c62 found a maximum value of: -9.748
optimizer 5bb40ec0 found a maximum value of: -9.512
optimizer f7abe20d found a maximum value of: -9.211
optimizer 1feb6cf9 found a maximum value of: -9.757
optimizer c391e0a7 found a maximum value of: -9.811
optimizer e7515718 found a maximum value of: -6.893
optimizer 7def8e85 found a maximum value of: -8.747
optimizer f8a50196 found a maximum value of: -9.326
optimizer ae8e4e0e found a maximum value of: -6.893
optimizer 96828d61 found a maximum value of: -8.055
optimizer 491ea382 found a maximum value of: -9.406
optimizer cf290bba found a maximum value of: -5.979
optimizer 928892e4 found a maximum value of: -9.099
optimizer 1f2c5030 found a maximum value of: -11.393
optimizer 4b36dfe8 found a maximum value of: -9.835
optimizer 5c7374c2 found a maximum value of: -7.177

Maximum value: -5.887
