resuming bayesian/11853456/b21eb0ab_info.json
resuming bayesian/11853456/e77f254a_info.json
resuming bayesian/11853456/7c380eb4_info.json
resuming bayesian/11853456/d7f72dbf_info.json
resuming bayesian/11853456/7826aa33_info.json
resuming bayesian/11853456/495e4328_info.json
resuming bayesian/11853456/9358c45a_info.json
resuming bayesian/11853456/1e1fa386_info.json
resuming bayesian/11853456/38e3c10c_info.json
resuming bayesian/11853456/dbfbb28b_info.json
resuming bayesian/11853456/aee66e4c_info.json
resuming bayesian/11853456/900ea6de_info.json
resuming bayesian/11853456/7bfc996f_info.json
resuming bayesian/11853456/0551110a_info.json
resuming bayesian/11853456/8cf6bbf4_info.json
resuming bayesian/11853456/48d7c5f2_info.json
resuming bayesian/11853456/a41d0cd0_info.json
resuming bayesian/11853456/dad7510a_info.json
resuming bayesian/11853456/25d93903_info.json
resuming bayesian/11853456/a05aaa9b_info.json
resuming bayesian/11853456/17155752_info.json
resuming bayesian/11853456/c117d45e_info.json
resuming bayesian/11853456/f63d970f_info.json
resuming bayesian/11853456/293bf816_info.json
resuming bayesian/11853456/24147f8f_info.json
resuming bayesian/11853456/8f07c41e_info.json
resuming bayesian/11853456/669cca6b_info.json
resuming bayesian/11853456/72910ca2_info.json
resuming bayesian/11853456/f1cf877d_info.json
resuming bayesian/11853456/fcb1eb9b_info.json
resuming bayesian/11853456/9907fa6d_info.json
resuming bayesian/11853456/2693758b_info.json
resuming bayesian/11853456/2515fdd4_info.json
resuming bayesian/11853456/4d0aeed9_info.json
resuming bayesian/11853456/5552d68e_info.json
resuming bayesian/11853456/a2f891e8_info.json
resuming bayesian/11853456/52dfbbad_info.json
resuming bayesian/11853456/72926be9_info.json
resuming bayesian/11853456/2efa74cc_info.json
resuming bayesian/11853456/5250bd9f_info.json
resuming bayesian/11853456/49888080_info.json
resuming bayesian/11853456/dcc6a844_info.json
resuming bayesian/11853456/c8ca2a9c_info.json
resuming bayesian/11853456/242a8dde_info.json
resuming bayesian/11853456/9c202535_info.json
resuming bayesian/11853456/2b0f6fb7_info.json
resuming bayesian/11853456/4c5a8031_info.json
resuming bayesian/11853456/c9c19a3d_info.json
resuming bayesian/11853456/10cc54e1_info.json
resuming bayesian/11853456/b7ec7db9_info.json
resuming bayesian/11853456/859eaa06_info.json
resuming bayesian/11853456/5b0e4310_info.json
resuming bayesian/11853456/d88a4ff3_info.json
resuming bayesian/11853456/cf82b18f_info.json
resuming bayesian/11853456/06ee4539_info.json
resuming bayesian/11853456/2be9573e_info.json
resuming bayesian/11853456/61a0936a_info.json
resuming bayesian/11853456/8a22f889_info.json
resuming bayesian/11853456/5883070b_info.json
resuming bayesian/11853456/9c15134a_info.json
resuming bayesian/11853456/9572ad27_info.json
resuming bayesian/11853456/e3414875_info.json
resuming bayesian/11853456/47ec7b0d_info.json
resuming bayesian/11853456/ebc47e1d_info.json
resuming bayesian/11853456/74c52ae1_info.json
resuming bayesian/11853456/f0efa205_info.json
resuming bayesian/11853456/f8fdc61d_info.json
resuming bayesian/11853456/d169eb89_info.json
resuming bayesian/11853456/a8da6c4b_info.json
resuming bayesian/11853456/3356ad23_info.json
resuming bayesian/11853456/eae3d295_info.json
resuming bayesian/11853456/caa8eaee_info.json
resuming bayesian/11853456/83760997_info.json
resuming bayesian/11853456/053e9189_info.json
resuming bayesian/11853456/75a64768_info.json
resuming bayesian/11853456/4d50203a_info.json
resuming bayesian/11853456/a2904c64_info.json
resuming bayesian/11853456/16ad8fd2_info.json
resuming bayesian/11853456/68a93ebd_info.json
resuming bayesian/11853456/9a784043_info.json
resuming bayesian/11853456/b6666d0a_info.json
resuming bayesian/11853456/2cc5f89d_info.json
resuming bayesian/11853456/535b9276_info.json
resuming bayesian/11853456/c0281c82_info.json
resuming bayesian/11853456/56b689fe_info.json
resuming bayesian/11853456/3fdff688_info.json
resuming bayesian/11853456/4a2462fb_info.json
resuming bayesian/11853456/9ed32dcd_info.json
resuming bayesian/11853456/86a7b70f_info.json
resuming bayesian/11853456/db518c28_info.json
resuming bayesian/11853456/0ecc63f2_info.json
resuming bayesian/11853456/2775dafd_info.json
resuming bayesian/11853456/a998b35c_info.json
resuming bayesian/11853456/df0de5c0_info.json
resuming bayesian/11853456/a84a8082_info.json
resuming bayesian/11853456/31d87bb5_info.json
resuming bayesian/11853456/ea20f175_info.json
resuming bayesian/11853456/6b6f0a81_info.json
resuming bayesian/11853456/ecc728da_info.json
resuming bayesian/11853456/a2d9fe76_info.json
resuming bayesian/11853456/8988d2a7_info.json
resuming bayesian/11853456/3b4c76bb_info.json
resuming bayesian/11853456/6c84048a_info.json
resuming bayesian/11853456/b2e6a88f_info.json
resuming bayesian/11853456/e940d195_info.json
resuming bayesian/11853456/57168950_info.json
resuming bayesian/11853456/8e21e162_info.json
resuming bayesian/11853456/31bd8a5c_info.json
resuming bayesian/11853456/c1594746_info.json
resuming bayesian/11853456/25eeef3d_info.json
resuming bayesian/11853456/1b2dc72f_info.json
resuming bayesian/11853456/317b1a44_info.json
resuming bayesian/11853456/b8affea1_info.json
resuming bayesian/11853456/b7f52935_info.json
resuming bayesian/11853456/b3d9dd3c_info.json
resuming bayesian/11853456/369aeb10_info.json
resuming bayesian/11853456/d27c93a2_info.json
resuming bayesian/11853456/b82df88f_info.json
resuming bayesian/11853456/be92b328_info.json
resuming bayesian/11853456/5771cd74_info.json
resuming bayesian/11853456/4fd1c0d4_info.json
resuming bayesian/11853456/08b16af9_info.json
resuming bayesian/11853456/921bd985_info.json
resuming bayesian/11853456/9c13df3d_info.json
resuming bayesian/11853456/11348a51_info.json
resuming bayesian/11853456/9ea83147_info.json
resuming bayesian/11853456/b8fe18c5_info.json

Resuming 121 targets for registering

(120 jobs left to resume)
optimizer 9ea83147 is done!

(119 jobs left to resume)
optimizer 11348a51 is done!

(118 jobs left to resume)
optimizer 9c13df3d is done!

(117 jobs left to resume)
optimizer 921bd985 is done!
(116 jobs left to resume)

optimizer 08b16af9 is done!
(115 jobs left to resume)

optimizer 4fd1c0d4 is done!

(114 jobs left to resume)
(113 jobs left to resume)
optimizer 5771cd74 is done!

optimizer be92b328 is done!

(112 jobs left to resume)
optimizer b82df88f is done!
(111 jobs left to resume)

(110 jobs left to resume)
optimizer 369aeb10 is done!

(109 jobs left to resume)
optimizer b3d9dd3c is done!
(108 jobs left to resume)

(107 jobs left to resume)
optimizer b7f52935 is done!
optimizer b8affea1 is done!


(106 jobs left to resume)
optimizer 317b1a44 is done!
(105 jobs left to resume)

optimizer 1b2dc72f is done!

(104 jobs left to resume)
optimizer c1594746 is done!
(103 jobs left to resume)

optimizer 31bd8a5c is done!
(102 jobs left to resume)

optimizer 8e21e162 is done!
(101 jobs left to resume)

optimizer 57168950 is done!
(100 jobs left to resume)

optimizer e940d195 is done!
(99 jobs left to resume)

optimizer b2e6a88f is done!
(98 jobs left to resume)

(97 jobs left to resume)
optimizer 3b4c76bb is done!
(96 jobs left to resume)

optimizer 8988d2a7 is done!

(95 jobs left to resume)
(94 jobs left to resume)
optimizer a2d9fe76 is done!
optimizer ecc728da is done!


(93 jobs left to resume)
optimizer ea20f175 is done!
(92 jobs left to resume)

optimizer 31d87bb5 is done!
(91 jobs left to resume)

optimizer df0de5c0 is done!
(90 jobs left to resume)

optimizer a998b35c is done!
(89 jobs left to resume)

optimizer 2775dafd is done!
(88 jobs left to resume)

optimizer 0ecc63f2 is done!

(87 jobs left to resume)
optimizer db518c28 is done!
(86 jobs left to resume)

optimizer 86a7b70f is done!
(85 jobs left to resume)

optimizer 9ed32dcd is done!
(84 jobs left to resume)

optimizer 4a2462fb is done!
(83 jobs left to resume)

optimizer 3fdff688 is done!
(82 jobs left to resume)

optimizer 56b689fe is done!
(81 jobs left to resume)

optimizer c0281c82 is done!
(80 jobs left to resume)

optimizer 535b9276 is done!
(79 jobs left to resume)

optimizer 2cc5f89d is done!
(78 jobs left to resume)

optimizer b6666d0a is done!
(77 jobs left to resume)

optimizer 9a784043 is done!
(76 jobs left to resume)

optimizer 68a93ebd is done!
(75 jobs left to resume)

optimizer 16ad8fd2 is done!
(74 jobs left to resume)

optimizer a2904c64 is done!
(73 jobs left to resume)

optimizer 4d50203a is done!
(72 jobs left to resume)

optimizer 75a64768 is done!
(71 jobs left to resume)

optimizer 053e9189 is done!
(70 jobs left to resume)

optimizer 83760997 is done!
(69 jobs left to resume)

optimizer caa8eaee is done!
(68 jobs left to resume)

optimizer eae3d295 is done!
(67 jobs left to resume)

optimizer 3356ad23 is done!
(66 jobs left to resume)

optimizer a8da6c4b is done!
(65 jobs left to resume)

optimizer d169eb89 is done!
(64 jobs left to resume)

optimizer f8fdc61d is done!
(63 jobs left to resume)

optimizer f0efa205 is done!
(62 jobs left to resume)

optimizer ebc47e1d is done!
(61 jobs left to resume)

optimizer 47ec7b0d is done!
(60 jobs left to resume)

optimizer e3414875 is done!
(59 jobs left to resume)

optimizer 9572ad27 is done!
(58 jobs left to resume)

optimizer 9c15134a is done!

(57 jobs left to resume)
optimizer 5883070b is done!
(56 jobs left to resume)

(55 jobs left to resume)
optimizer 8a22f889 is done!
(54 jobs left to resume)

optimizer 2be9573e is done!
(53 jobs left to resume)

optimizer 06ee4539 is done!

(52 jobs left to resume)
optimizer cf82b18f is done!
(51 jobs left to resume)

optimizer d88a4ff3 is done!

(50 jobs left to resume)
optimizer 5b0e4310 is done!
(49 jobs left to resume)

(48 jobs left to resume)
optimizer 859eaa06 is done!

(47 jobs left to resume)
optimizer 10cc54e1 is done!
(46 jobs left to resume)

optimizer c9c19a3d is done!
(45 jobs left to resume)

optimizer 4c5a8031 is done!

(44 jobs left to resume)
optimizer 2b0f6fb7 is done!
(43 jobs left to resume)

(42 jobs left to resume)
optimizer 9c202535 is done!
optimizer 242a8dde is done!


(41 jobs left to resume)
optimizer c8ca2a9c is done!
(40 jobs left to resume)

optimizer dcc6a844 is done!
(39 jobs left to resume)

optimizer 49888080 is done!
(38 jobs left to resume)

optimizer 5250bd9f is done!

(37 jobs left to resume)
(36 jobs left to resume)
optimizer 2efa74cc is done!
optimizer 72926be9 is done!


(35 jobs left to resume)
optimizer 52dfbbad is done!
(34 jobs left to resume)

optimizer a2f891e8 is done!
(33 jobs left to resume)

(32 jobs left to resume)
optimizer 4d0aeed9 is done!
(31 jobs left to resume)

optimizer 2515fdd4 is done!
(30 jobs left to resume)

optimizer 2693758b is done!

(29 jobs left to resume)
optimizer 9907fa6d is done!
(28 jobs left to resume)

optimizer fcb1eb9b is done!

(27 jobs left to resume)
optimizer f1cf877d is done!
(26 jobs left to resume)

optimizer 72910ca2 is done!

(25 jobs left to resume)
optimizer 669cca6b is done!
(24 jobs left to resume)

(23 jobs left to resume)
optimizer 24147f8f is done!
(22 jobs left to resume)

optimizer 293bf816 is done!
(21 jobs left to resume)

optimizer f63d970f is done!

(20 jobs left to resume)
optimizer c117d45e is done!
(19 jobs left to resume)

(18 jobs left to resume)
optimizer 17155752 is done!
optimizer a05aaa9b is done!

(17 jobs left to resume)

(16 jobs left to resume)
optimizer 25d93903 is done!

(15 jobs left to resume)
optimizer a41d0cd0 is done!

(14 jobs left to resume)
optimizer dad7510a is done!
(13 jobs left to resume)

optimizer 48d7c5f2 is done!
(12 jobs left to resume)

optimizer 8cf6bbf4 is done!
optimizer 0551110a is done!

(11 jobs left to resume)

optimizer 7bfc996f is done!
(10 jobs left to resume)

optimizer 900ea6de is done!
(9 jobs left to resume)

optimizer aee66e4c is done!

(8 jobs left to resume)
optimizer dbfbb28b is done!
(7 jobs left to resume)

optimizer 38e3c10c is done!
(6 jobs left to resume)

optimizer 1e1fa386 is done!

(5 jobs left to resume)
optimizer 9358c45a is done!
(4 jobs left to resume)

optimizer 495e4328 is done!
(3 jobs left to resume)

optimizer 7826aa33 is done!

(2 jobs left to resume)
optimizer d7f72dbf is done!
(1 jobs left to resume)

optimizer 7c380eb4 is done!
(0 jobs left to resume)

optimizer e77f254a is done!

job 1553675282044_6147 epoch 1 loss 9.664
job 1553675282044_6147 epoch 2 loss 9.999
job 1553675282044_6147 epoch 3 loss 9.940
job 1553675282044_6147 epoch 4 loss 9.757
job 1553675282044_6147 epoch 5 loss 10.448

optimizer 8f07c41e is done!

job 1553675282044_5885 epoch 1 loss 11.862
job 1553675282044_5885 epoch 2 loss 11.833
job 1553675282044_5885 epoch 3 loss 11.831
job 1553675282044_5885 epoch 4 loss 11.830
job 1553675282044_5885 epoch 5 loss 11.823
job 1553675282044_5885 epoch 6 loss 11.852
job 1553675282044_5885 epoch 7 loss 11.868
job 1553675282044_5885 epoch 8 loss 11.835
job 1553675282044_5885 epoch 9 loss 11.860

optimizer b7ec7db9 is done!

job 1553675282044_5350 epoch 1 loss 12.032
job 1553675282044_5350 epoch 2 loss 11.976
job 1553675282044_5350 epoch 3 loss 11.937
job 1553675282044_5350 epoch 4 loss 11.935
job 1553675282044_5350 epoch 5 loss 11.947
job 1553675282044_5350 epoch 6 loss 11.955
job 1553675282044_5350 epoch 7 loss 11.906
job 1553675282044_5350 epoch 8 loss 11.934
job 1553675282044_5350 epoch 9 loss 11.932
job 1553675282044_5350 epoch 10 loss 11.905

job 1553675282044_5970 epoch 1 loss 8.569
job 1553675282044_5970 epoch 2 loss 8.531
job 1553675282044_5970 epoch 3 loss 8.544
job 1553675282044_5970 epoch 4 loss 8.499
job 1553675282044_5970 epoch 5 loss 8.412
job 1553675282044_5970 epoch 6 loss 8.366
job 1553675282044_5970 epoch 7 loss 8.307
job 1553675282044_5970 epoch 8 loss 8.305
job 1553675282044_5970 epoch 9 loss 8.249
job 1553675282044_5970 epoch 10 loss 8.268

job 1553675282044_5998 epoch 1 loss 8.606
job 1553675282044_5998 epoch 2 loss 8.615
job 1553675282044_5998 epoch 3 loss 8.612
job 1553675282044_5998 epoch 4 loss 8.505
job 1553675282044_5998 epoch 5 loss 9.178
job 1553675282044_5998 epoch 6 loss 8.493
job 1553675282044_5998 epoch 7 loss 9.332
job 1553675282044_5998 epoch 8 loss 8.263
job 1553675282044_5998 epoch 9 loss 11.526
job 1553675282044_5998 epoch 10 loss 12.525

optimizer 6c84048a is done!

optimizer 5552d68e is done!

optimizer d27c93a2 is done!

job 1553675282044_6106 epoch 1 loss 8.779
job 1553675282044_6106 epoch 2 loss 8.470
job 1553675282044_6106 epoch 3 loss 9.765
job 1553675282044_6106 epoch 4 loss 9.037
job 1553675282044_6106 epoch 5 loss 9.335
job 1553675282044_6106 epoch 6 loss 9.374

optimizer 61a0936a is done!

optimizer 9ea83147 found a maximum value of: -5.398
optimizer 11348a51 found a maximum value of: -10.04
optimizer 9c13df3d found a maximum value of: -9.392
optimizer 921bd985 found a maximum value of: -4.655
optimizer 08b16af9 found a maximum value of: -7.09
optimizer 4fd1c0d4 found a maximum value of: -10.054
optimizer 5771cd74 found a maximum value of: -8.244
optimizer be92b328 found a maximum value of: -10.022
optimizer b82df88f found a maximum value of: -11.993
optimizer 369aeb10 found a maximum value of: -11.805
optimizer b3d9dd3c found a maximum value of: -9.811
optimizer b7f52935 found a maximum value of: -11.282
optimizer b8affea1 found a maximum value of: -9.211
optimizer 317b1a44 found a maximum value of: -8.143
optimizer 1b2dc72f found a maximum value of: -11.119
optimizer c1594746 found a maximum value of: -11.077
optimizer 31bd8a5c found a maximum value of: -9.207
optimizer 8e21e162 found a maximum value of: -9.221
optimizer 57168950 found a maximum value of: -6.957
optimizer e940d195 found a maximum value of: -7.557
optimizer b2e6a88f found a maximum value of: -5.366
optimizer 3b4c76bb found a maximum value of: -6.64
optimizer 8988d2a7 found a maximum value of: -8.801
optimizer a2d9fe76 found a maximum value of: -11.343
optimizer ecc728da found a maximum value of: -11.036
optimizer ea20f175 found a maximum value of: -9.036
optimizer 31d87bb5 found a maximum value of: -8.532
optimizer df0de5c0 found a maximum value of: -11.664
optimizer a998b35c found a maximum value of: -9.726
optimizer 2775dafd found a maximum value of: -9.931
optimizer 0ecc63f2 found a maximum value of: -12.479
optimizer db518c28 found a maximum value of: -11.743
optimizer 86a7b70f found a maximum value of: -9.371
optimizer 9ed32dcd found a maximum value of: -7.598
optimizer 4a2462fb found a maximum value of: -7.101
optimizer 3fdff688 found a maximum value of: -10.158
optimizer 56b689fe found a maximum value of: -9.462
optimizer c0281c82 found a maximum value of: -9.726
optimizer 535b9276 found a maximum value of: -8.769
optimizer 2cc5f89d found a maximum value of: -8.602
optimizer b6666d0a found a maximum value of: -9.265
optimizer 9a784043 found a maximum value of: -11.775
optimizer 68a93ebd found a maximum value of: -9.69
optimizer 16ad8fd2 found a maximum value of: -11.682
optimizer a2904c64 found a maximum value of: -6.914
optimizer 4d50203a found a maximum value of: -8.759
optimizer 75a64768 found a maximum value of: -11.632
optimizer 053e9189 found a maximum value of: -8.312
optimizer 83760997 found a maximum value of: -9.235
optimizer caa8eaee found a maximum value of: -6.125
optimizer eae3d295 found a maximum value of: -11.804
optimizer 3356ad23 found a maximum value of: -11.083
optimizer a8da6c4b found a maximum value of: -8.518
optimizer d169eb89 found a maximum value of: -9.588
optimizer f8fdc61d found a maximum value of: -7.858
optimizer f0efa205 found a maximum value of: -11.656
optimizer ebc47e1d found a maximum value of: -8.949
optimizer 47ec7b0d found a maximum value of: -8.922
optimizer e3414875 found a maximum value of: -10.723
optimizer 9572ad27 found a maximum value of: -8.696
optimizer 9c15134a found a maximum value of: -9.26
optimizer 5883070b found a maximum value of: -11.478
optimizer 8a22f889 found a maximum value of: -8.632
optimizer 2be9573e found a maximum value of: -11.886
optimizer 06ee4539 found a maximum value of: -8.748
optimizer cf82b18f found a maximum value of: -8.58
optimizer d88a4ff3 found a maximum value of: -9.771
optimizer 5b0e4310 found a maximum value of: -8.053
optimizer 859eaa06 found a maximum value of: -11.792
optimizer 10cc54e1 found a maximum value of: -8.258
optimizer c9c19a3d found a maximum value of: -8.494
optimizer 4c5a8031 found a maximum value of: -11.252
optimizer 2b0f6fb7 found a maximum value of: -7.948
optimizer 9c202535 found a maximum value of: -10.458
optimizer 242a8dde found a maximum value of: -10.039
optimizer c8ca2a9c found a maximum value of: -10.723
optimizer dcc6a844 found a maximum value of: -9.427
optimizer 49888080 found a maximum value of: -8.23
optimizer 5250bd9f found a maximum value of: -10.029
optimizer 2efa74cc found a maximum value of: -9.683
optimizer 72926be9 found a maximum value of: -8.627
optimizer 52dfbbad found a maximum value of: -10.599
optimizer a2f891e8 found a maximum value of: -9.562
optimizer 4d0aeed9 found a maximum value of: -7.297
optimizer 2515fdd4 found a maximum value of: -9.664
optimizer 2693758b found a maximum value of: -11.015
optimizer 9907fa6d found a maximum value of: -11.152
optimizer fcb1eb9b found a maximum value of: -8.824
optimizer f1cf877d found a maximum value of: -8.854
optimizer 72910ca2 found a maximum value of: -8.626
optimizer 669cca6b found a maximum value of: -7.0
optimizer 24147f8f found a maximum value of: -11.894
optimizer 293bf816 found a maximum value of: -8.942
optimizer f63d970f found a maximum value of: -8.85
optimizer c117d45e found a maximum value of: -5.156
optimizer 17155752 found a maximum value of: -9.845
optimizer a05aaa9b found a maximum value of: -11.198
optimizer 25d93903 found a maximum value of: -8.123
optimizer a41d0cd0 found a maximum value of: -8.27
optimizer dad7510a found a maximum value of: -8.594
optimizer 48d7c5f2 found a maximum value of: -10.91
optimizer 8cf6bbf4 found a maximum value of: -8.979
optimizer 0551110a found a maximum value of: -8.031
optimizer 7bfc996f found a maximum value of: -8.392
optimizer 900ea6de found a maximum value of: -7.512
optimizer aee66e4c found a maximum value of: -8.034
optimizer dbfbb28b found a maximum value of: -8.796
optimizer 38e3c10c found a maximum value of: -11.879
optimizer 1e1fa386 found a maximum value of: -8.731
optimizer 9358c45a found a maximum value of: -11.082
optimizer 495e4328 found a maximum value of: -11.836
optimizer 7826aa33 found a maximum value of: -8.797
optimizer d7f72dbf found a maximum value of: -8.459
optimizer 7c380eb4 found a maximum value of: -8.596
optimizer e77f254a found a maximum value of: -8.11
optimizer 8f07c41e found a maximum value of: -9.664
optimizer b7ec7db9 found a maximum value of: -11.823
optimizer 6c84048a found a maximum value of: -11.905
optimizer 5552d68e found a maximum value of: -8.249
optimizer d27c93a2 found a maximum value of: -8.263
optimizer 61a0936a found a maximum value of: -8.47

Maximum value: -4.655
