resuming bayesian/485a920e/63a21823_info.json
resuming bayesian/485a920e/55bd05e8_info.json
resuming bayesian/485a920e/2d14880c_info.json
resuming bayesian/485a920e/06b24ddc_info.json
resuming bayesian/485a920e/cbad847f_info.json
resuming bayesian/485a920e/82ffe406_info.json
resuming bayesian/485a920e/231f423d_info.json
resuming bayesian/485a920e/3252cce0_info.json
resuming bayesian/485a920e/78881882_info.json
resuming bayesian/485a920e/fb8b87e7_info.json
resuming bayesian/485a920e/baa2358f_info.json
resuming bayesian/485a920e/6a5b9621_info.json
resuming bayesian/485a920e/40c311af_info.json
resuming bayesian/485a920e/503a20d9_info.json
resuming bayesian/485a920e/d2cc70d7_info.json
resuming bayesian/485a920e/dc2344b0_info.json
resuming bayesian/485a920e/e2a43cfc_info.json
resuming bayesian/485a920e/3a14026b_info.json
resuming bayesian/485a920e/ca61e928_info.json
resuming bayesian/485a920e/1821f28b_info.json
resuming bayesian/485a920e/ce1fed48_info.json
resuming bayesian/485a920e/d42fe26d_info.json
resuming bayesian/485a920e/87b254ad_info.json
resuming bayesian/485a920e/44d8e794_info.json
resuming bayesian/485a920e/61ae16a0_info.json
resuming bayesian/485a920e/d672be3a_info.json
resuming bayesian/485a920e/27a06dcf_info.json
resuming bayesian/485a920e/4aca00a6_info.json
resuming bayesian/485a920e/32f349d3_info.json
resuming bayesian/485a920e/776fb5ef_info.json
resuming bayesian/485a920e/c59eb4d0_info.json
resuming bayesian/485a920e/ac3169c0_info.json
resuming bayesian/485a920e/6940857f_info.json
resuming bayesian/485a920e/efcc6574_info.json
resuming bayesian/485a920e/99df3df5_info.json
resuming bayesian/485a920e/101d2141_info.json
resuming bayesian/485a920e/b160bbd1_info.json
resuming bayesian/485a920e/2ecf871c_info.json
resuming bayesian/485a920e/6dec27b3_info.json
resuming bayesian/485a920e/a802932f_info.json
resuming bayesian/485a920e/ec3edb09_info.json
resuming bayesian/485a920e/ff4cf51c_info.json
resuming bayesian/485a920e/4d700926_info.json
resuming bayesian/485a920e/a3a42329_info.json
resuming bayesian/485a920e/6b7907fd_info.json
resuming bayesian/485a920e/7eae6b54_info.json
resuming bayesian/485a920e/d8450f2a_info.json
resuming bayesian/485a920e/9bc38ec2_info.json
resuming bayesian/485a920e/4ecde0ed_info.json
resuming bayesian/485a920e/f9edb476_info.json
resuming bayesian/485a920e/303659e5_info.json
resuming bayesian/485a920e/7a354236_info.json
resuming bayesian/485a920e/56fd4c47_info.json
resuming bayesian/485a920e/0704d042_info.json
resuming bayesian/485a920e/37669b89_info.json
resuming bayesian/485a920e/0a597654_info.json
resuming bayesian/485a920e/0705e309_info.json
resuming bayesian/485a920e/6c4d2588_info.json
resuming bayesian/485a920e/c5198665_info.json
resuming bayesian/485a920e/9f071d49_info.json
resuming bayesian/485a920e/9619092d_info.json
resuming bayesian/485a920e/49894211_info.json
resuming bayesian/485a920e/ac300ab6_info.json
resuming bayesian/485a920e/032b0932_info.json
resuming bayesian/485a920e/80ae9d46_info.json
resuming bayesian/485a920e/d5a59426_info.json
resuming bayesian/485a920e/b4541799_info.json
resuming bayesian/485a920e/077d573e_info.json
resuming bayesian/485a920e/768daec2_info.json
resuming bayesian/485a920e/4a902c0e_info.json
resuming bayesian/485a920e/99710c07_info.json
resuming bayesian/485a920e/44917b36_info.json
resuming bayesian/485a920e/adff9862_info.json
resuming bayesian/485a920e/8009cae1_info.json
resuming bayesian/485a920e/c4ed0299_info.json
resuming bayesian/485a920e/e7fd154b_info.json
resuming bayesian/485a920e/df3c3a1f_info.json
resuming bayesian/485a920e/96b5ea93_info.json
resuming bayesian/485a920e/eaafc98f_info.json
resuming bayesian/485a920e/2d2a6cc1_info.json
resuming bayesian/485a920e/2fe4bdeb_info.json

Resuming 81 targets for registering

(80 jobs left to resume)
optimizer 2fe4bdeb is done!

(79 jobs left to resume)
(78 jobs left to resume)
optimizer eaafc98f is done!
(77 jobs left to resume)

optimizer 96b5ea93 is done!
(76 jobs left to resume)

optimizer df3c3a1f is done!
(75 jobs left to resume)

(74 jobs left to resume)
optimizer c4ed0299 is done!
optimizer e7fd154b is done!
(73 jobs left to resume)


(72 jobs left to resume)
optimizer adff9862 is done!

(71 jobs left to resume)
optimizer 44917b36 is done!
(70 jobs left to resume)

(69 jobs left to resume)
optimizer 99710c07 is done!
(68 jobs left to resume)

optimizer 768daec2 is done!
(67 jobs left to resume)

optimizer 077d573e is done!

(66 jobs left to resume)
(65 jobs left to resume)
optimizer d5a59426 is done!

(64 jobs left to resume)
optimizer 80ae9d46 is done!

(63 jobs left to resume)
optimizer 032b0932 is done!
(62 jobs left to resume)

(61 jobs left to resume)
optimizer 49894211 is done!

(60 jobs left to resume)
optimizer 9619092d is done!
(59 jobs left to resume)

optimizer 9f071d49 is done!

(58 jobs left to resume)
optimizer c5198665 is done!
(57 jobs left to resume)

(56 jobs left to resume)
(55 jobs left to resume)
(54 jobs left to resume)
optimizer 37669b89 is done!

(53 jobs left to resume)
optimizer 0704d042 is done!

(52 jobs left to resume)
optimizer 56fd4c47 is done!
(51 jobs left to resume)

(50 jobs left to resume)
optimizer 303659e5 is done!
(49 jobs left to resume)

optimizer f9edb476 is done!
(48 jobs left to resume)

optimizer 4ecde0ed is done!

(47 jobs left to resume)
optimizer 9bc38ec2 is done!
(46 jobs left to resume)

(45 jobs left to resume)
optimizer d8450f2a is done!
(44 jobs left to resume)

optimizer 7eae6b54 is done!
optimizer 6b7907fd is done!

(43 jobs left to resume)
optimizer a3a42329 is done!

(42 jobs left to resume)

(41 jobs left to resume)
optimizer ff4cf51c is done!

(40 jobs left to resume)
optimizer ec3edb09 is done!

(39 jobs left to resume)
optimizer a802932f is done!
(38 jobs left to resume)

optimizer 6dec27b3 is done!

(37 jobs left to resume)
(36 jobs left to resume)
optimizer b160bbd1 is done!

(35 jobs left to resume)
optimizer 101d2141 is done!

(34 jobs left to resume)
optimizer 99df3df5 is done!
(33 jobs left to resume)

optimizer efcc6574 is done!

(32 jobs left to resume)
optimizer 6940857f is done!
(31 jobs left to resume)

(30 jobs left to resume)
(29 jobs left to resume)
optimizer 776fb5ef is done!

(28 jobs left to resume)
optimizer 32f349d3 is done!

(27 jobs left to resume)
optimizer 4aca00a6 is done!

(26 jobs left to resume)
optimizer 27a06dcf is done!

(25 jobs left to resume)
optimizer d672be3a is done!

(24 jobs left to resume)
optimizer 61ae16a0 is done!
(23 jobs left to resume)

(22 jobs left to resume)
optimizer 87b254ad is done!

(21 jobs left to resume)
optimizer d42fe26d is done!

(20 jobs left to resume)
optimizer ce1fed48 is done!

(19 jobs left to resume)
(18 jobs left to resume)
optimizer ca61e928 is done!

(17 jobs left to resume)
optimizer 3a14026b is done!

(16 jobs left to resume)
optimizer e2a43cfc is done!
(15 jobs left to resume)

optimizer dc2344b0 is done!

(14 jobs left to resume)
optimizer d2cc70d7 is done!
(13 jobs left to resume)

optimizer 503a20d9 is done!

(12 jobs left to resume)
(11 jobs left to resume)
(10 jobs left to resume)
optimizer baa2358f is done!

(9 jobs left to resume)
optimizer fb8b87e7 is done!
(8 jobs left to resume)

optimizer 78881882 is done!

(7 jobs left to resume)
optimizer 3252cce0 is done!
(6 jobs left to resume)

optimizer 231f423d is done!

(5 jobs left to resume)
optimizer 82ffe406 is done!

(4 jobs left to resume)
optimizer cbad847f is done!
(3 jobs left to resume)

(2 jobs left to resume)
optimizer 2d14880c is done!
(1 jobs left to resume)

(0 jobs left to resume)
optimizer 63a21823 is done!

job 1553675282044_8764 epoch 1 loss 10.123
job 1553675282044_8764 epoch 2 loss 9.932
job 1553675282044_8764 epoch 3 loss 9.637
job 1553675282044_8764 epoch 4 loss 9.413
job 1553675282044_8764 epoch 5 loss 9.386
job 1553675282044_8764 epoch 6 loss 9.762
job 1553675282044_8764 epoch 7 loss 10.077
job 1553675282044_8764 epoch 8 loss 9.994
job 1553675282044_8764 epoch 9 loss 10.275

optimizer 2ecf871c is done!

job 1553675282044_9477 epoch 1 loss 10.007
job 1553675282044_9477 epoch 2 loss 9.174
job 1553675282044_9477 epoch 3 loss 8.650
job 1553675282044_9477 epoch 4 loss 8.317
job 1553675282044_9477 epoch 5 loss 8.053
job 1553675282044_9477 epoch 6 loss 7.634
job 1553675282044_9477 epoch 7 loss 7.190
job 1553675282044_9477 epoch 8 loss 7.007
job 1553675282044_9477 epoch 9 loss 6.881
job 1553675282044_9477 epoch 10 loss 6.836
job 1553675282044_9477 epoch 11 loss 6.761
job 1553675282044_9477 epoch 12 loss 6.739
job 1553675282044_9477 epoch 13 loss 6.714
job 1553675282044_9477 epoch 14 loss 6.691
job 1553675282044_9477 epoch 15 loss 6.680

job 1553675282044_9182 epoch 1 loss 11.219
job 1553675282044_9182 epoch 2 loss 11.977
job 1553675282044_9182 epoch 3 loss 12.530
job 1553675282044_9182 epoch 4 loss 12.155
job 1553675282044_9182 epoch 5 loss 11.141
job 1553675282044_9182 epoch 6 loss 7.992
job 1553675282044_9182 epoch 7 loss 8.047
job 1553675282044_9182 epoch 8 loss 8.095
job 1553675282044_9182 epoch 9 loss 8.112
job 1553675282044_9182 epoch 10 loss 8.181

optimizer b4541799 is done!

job 1553675282044_8216 epoch 1 loss 11.219
job 1553675282044_8216 epoch 2 loss 11.977
job 1553675282044_8216 epoch 3 loss 12.530
job 1553675282044_8216 epoch 4 loss 12.155
job 1553675282044_8216 epoch 5 loss 11.141
job 1553675282044_8216 epoch 6 loss 7.992
job 1553675282044_8216 epoch 7 loss 8.047
job 1553675282044_8216 epoch 8 loss 8.095
job 1553675282044_8216 epoch 9 loss 8.112
job 1553675282044_8216 epoch 10 loss 8.181

optimizer ac3169c0 is done!

job 1553675282044_8211 epoch 1 loss 11.816
job 1553675282044_8211 epoch 2 loss 11.852
job 1553675282044_8211 epoch 3 loss 12.350
job 1553675282044_8211 epoch 4 loss 12.634
job 1553675282044_8211 epoch 5 loss 10.471
job 1553675282044_8211 epoch 6 loss 9.666
job 1553675282044_8211 epoch 7 loss 9.708
job 1553675282044_8211 epoch 8 loss 9.632
job 1553675282044_8211 epoch 9 loss 9.691
job 1553675282044_8211 epoch 10 loss 9.636
job 1553675282044_8211 epoch 11 loss 9.649
job 1553675282044_8211 epoch 12 loss 9.646

optimizer 4a902c0e is done!

job 1553675282044_8540 epoch 1 loss 10.123
job 1553675282044_8540 epoch 2 loss 9.932
job 1553675282044_8540 epoch 3 loss 9.637
job 1553675282044_8540 epoch 4 loss 9.413
job 1553675282044_8540 epoch 5 loss 9.386
job 1553675282044_8540 epoch 6 loss 9.762
job 1553675282044_8540 epoch 7 loss 10.077
job 1553675282044_8540 epoch 8 loss 9.994
job 1553675282044_8540 epoch 9 loss 10.275

optimizer 6a5b9621 is done!

job 1553675282044_8884 epoch 1 loss 11.760
job 1553675282044_8884 epoch 2 loss 11.928
job 1553675282044_8884 epoch 3 loss 12.510
job 1553675282044_8884 epoch 4 loss 12.857
job 1553675282044_8884 epoch 5 loss 12.420

job 1553675282044_9633 epoch 1 loss 9.392
optimizer 4d700926 is done!
job 1553675282044_9633 epoch 2 loss 8.451

job 1553675282044_9633 epoch 3 loss 7.972
job 1553675282044_9633 epoch 4 loss 7.398
job 1553675282044_9633 epoch 5 loss 6.902
job 1553675282044_9633 epoch 6 loss 6.575
job 1553675282044_9633 epoch 7 loss 6.425
job 1553675282044_9633 epoch 8 loss 6.371
job 1553675282044_9633 epoch 9 loss 6.333
job 1553675282044_9633 epoch 10 loss 6.262
job 1553675282044_9633 epoch 11 loss 6.235
job 1553675282044_9633 epoch 12 loss 6.238
job 1553675282044_9633 epoch 13 loss 6.231
job 1553675282044_9633 epoch 14 loss 6.259
job 1553675282044_9633 epoch 15 loss 6.320

optimizer 6c4d2588 is done!

optimizer 2d2a6cc1 is done!

optimizer 0a597654 is done!

optimizer c59eb4d0 is done!

job 1553675282044_8751 epoch 1 loss 11.816
job 1553675282044_8751 epoch 2 loss 11.852
job 1553675282044_8751 epoch 3 loss 12.350
job 1553675282044_8751 epoch 4 loss 12.634
job 1553675282044_8751 epoch 5 loss 10.471
job 1553675282044_8751 epoch 6 loss 9.666
job 1553675282044_8751 epoch 7 loss 9.708
job 1553675282044_8751 epoch 8 loss 9.632
job 1553675282044_8751 epoch 9 loss 9.691
job 1553675282044_8751 epoch 10 loss 9.636
job 1553675282044_8751 epoch 11 loss 9.649
job 1553675282044_8751 epoch 12 loss 9.646

optimizer ac300ab6 is done!

optimizer 44d8e794 is done!

optimizer 7a354236 is done!

job 1553675282044_8930 epoch 1 loss 11.219
job 1553675282044_8930 epoch 2 loss 11.977
job 1553675282044_8930 epoch 3 loss 12.530
job 1553675282044_8930 epoch 4 loss 12.155
job 1553675282044_8930 epoch 5 loss 11.141
job 1553675282044_8930 epoch 6 loss 7.992
job 1553675282044_8930 epoch 7 loss 8.047
job 1553675282044_8930 epoch 8 loss 8.095
job 1553675282044_8930 epoch 9 loss 8.112
job 1553675282044_8930 epoch 10 loss 8.181

optimizer 06b24ddc is done!

optimizer 8009cae1 is done!

optimizer 0705e309 is done!

optimizer 1821f28b is done!

optimizer 40c311af is done!

optimizer 55bd05e8 is done!

optimizer 2fe4bdeb found a maximum value of: -4.415
optimizer eaafc98f found a maximum value of: -7.247
optimizer 96b5ea93 found a maximum value of: -6.619
optimizer df3c3a1f found a maximum value of: -7.301
optimizer c4ed0299 found a maximum value of: -6.709
optimizer e7fd154b found a maximum value of: -7.716
optimizer adff9862 found a maximum value of: -6.146
optimizer 44917b36 found a maximum value of: -6.663
optimizer 99710c07 found a maximum value of: -11.058
optimizer 768daec2 found a maximum value of: -9.669
optimizer 077d573e found a maximum value of: -4.923
optimizer d5a59426 found a maximum value of: -6.601
optimizer 80ae9d46 found a maximum value of: -11.491
optimizer 032b0932 found a maximum value of: -8.111
optimizer 49894211 found a maximum value of: -6.92
optimizer 9619092d found a maximum value of: -6.415
optimizer 9f071d49 found a maximum value of: -7.046
optimizer c5198665 found a maximum value of: -6.987
optimizer 37669b89 found a maximum value of: -10.151
optimizer 0704d042 found a maximum value of: -7.592
optimizer 56fd4c47 found a maximum value of: -5.439
optimizer 303659e5 found a maximum value of: -7.288
optimizer f9edb476 found a maximum value of: -6.621
optimizer 4ecde0ed found a maximum value of: -8.133
optimizer 9bc38ec2 found a maximum value of: -6.202
optimizer d8450f2a found a maximum value of: -7.587
optimizer 7eae6b54 found a maximum value of: -9.02
optimizer 6b7907fd found a maximum value of: -6.743
optimizer a3a42329 found a maximum value of: -6.978
optimizer ff4cf51c found a maximum value of: -10.88
optimizer ec3edb09 found a maximum value of: -6.818
optimizer a802932f found a maximum value of: -5.433
optimizer 6dec27b3 found a maximum value of: -5.567
optimizer b160bbd1 found a maximum value of: -6.146
optimizer 101d2141 found a maximum value of: -5.762
optimizer 99df3df5 found a maximum value of: -7.156
optimizer efcc6574 found a maximum value of: -6.655
optimizer 6940857f found a maximum value of: -5.382
optimizer 776fb5ef found a maximum value of: -6.494
optimizer 32f349d3 found a maximum value of: -5.287
optimizer 4aca00a6 found a maximum value of: -5.998
optimizer 27a06dcf found a maximum value of: -6.843
optimizer d672be3a found a maximum value of: -6.915
optimizer 61ae16a0 found a maximum value of: -6.469
optimizer 87b254ad found a maximum value of: -6.417
optimizer d42fe26d found a maximum value of: -6.392
optimizer ce1fed48 found a maximum value of: -5.731
optimizer ca61e928 found a maximum value of: -5.92
optimizer 3a14026b found a maximum value of: -7.825
optimizer e2a43cfc found a maximum value of: -6.651
optimizer dc2344b0 found a maximum value of: -10.468
optimizer d2cc70d7 found a maximum value of: -6.391
optimizer 503a20d9 found a maximum value of: -11.09
optimizer baa2358f found a maximum value of: -6.346
optimizer fb8b87e7 found a maximum value of: -5.268
optimizer 78881882 found a maximum value of: -6.942
optimizer 3252cce0 found a maximum value of: -7.831
optimizer 231f423d found a maximum value of: -5.804
optimizer 82ffe406 found a maximum value of: -6.522
optimizer cbad847f found a maximum value of: -7.03
optimizer 2d14880c found a maximum value of: -10.063
optimizer 63a21823 found a maximum value of: -5.713
optimizer 2ecf871c found a maximum value of: -9.386
optimizer b4541799 found a maximum value of: -7.992
optimizer ac3169c0 found a maximum value of: -7.992
optimizer 4a902c0e found a maximum value of: -9.632
optimizer 6a5b9621 found a maximum value of: -9.386
optimizer 4d700926 found a maximum value of: -11.76
optimizer 6c4d2588 found a maximum value of: -6.68
optimizer 2d2a6cc1 found a maximum value of: None
optimizer 0a597654 found a maximum value of: None
optimizer c59eb4d0 found a maximum value of: -6.231
optimizer ac300ab6 found a maximum value of: -9.632
optimizer 44d8e794 found a maximum value of: None
optimizer 7a354236 found a maximum value of: None
optimizer 06b24ddc found a maximum value of: -7.992
optimizer 8009cae1 found a maximum value of: None
optimizer 0705e309 found a maximum value of: None
optimizer 1821f28b found a maximum value of: None
optimizer 40c311af found a maximum value of: None
optimizer 55bd05e8 found a maximum value of: None

Maximum value: -4.415
