resuming bayesian/9394bf00/bacbcdb7_info.json
resuming bayesian/9394bf00/ea13a13c_info.json
resuming bayesian/9394bf00/aac6c66d_info.json
resuming bayesian/9394bf00/1e363bf0_info.json
resuming bayesian/9394bf00/c8e2f514_info.json
resuming bayesian/9394bf00/a76e8d7c_info.json
resuming bayesian/9394bf00/929d9f06_info.json
resuming bayesian/9394bf00/d072c627_info.json
resuming bayesian/9394bf00/25a15894_info.json
resuming bayesian/9394bf00/40cb0d83_info.json
resuming bayesian/9394bf00/a513dd68_info.json
resuming bayesian/9394bf00/c1df4616_info.json
resuming bayesian/9394bf00/ce2830f5_info.json
resuming bayesian/9394bf00/5ab72b73_info.json
resuming bayesian/9394bf00/d8a7a946_info.json
resuming bayesian/9394bf00/57180c0f_info.json
resuming bayesian/9394bf00/fc8fc6ad_info.json
resuming bayesian/9394bf00/ada386e8_info.json
resuming bayesian/9394bf00/60e42031_info.json
resuming bayesian/9394bf00/10f924bd_info.json
resuming bayesian/9394bf00/404b9025_info.json
resuming bayesian/9394bf00/24c5569b_info.json
resuming bayesian/9394bf00/2ddcc3f6_info.json
resuming bayesian/9394bf00/5f6d4f4a_info.json
resuming bayesian/9394bf00/646e25cb_info.json
resuming bayesian/9394bf00/066175c6_info.json
resuming bayesian/9394bf00/3422729c_info.json
resuming bayesian/9394bf00/0dd4043f_info.json
resuming bayesian/9394bf00/f5c0976a_info.json
resuming bayesian/9394bf00/3b12e8f4_info.json
resuming bayesian/9394bf00/469eecdd_info.json
resuming bayesian/9394bf00/8085297b_info.json
resuming bayesian/9394bf00/c4a28956_info.json
resuming bayesian/9394bf00/8a20e8ec_info.json
resuming bayesian/9394bf00/427f04de_info.json
resuming bayesian/9394bf00/a709f04a_info.json
resuming bayesian/9394bf00/79c81b2c_info.json
resuming bayesian/9394bf00/d4e8f849_info.json
resuming bayesian/9394bf00/96b0a79a_info.json
resuming bayesian/9394bf00/77016cbb_info.json
resuming bayesian/9394bf00/2da6f18d_info.json
resuming bayesian/9394bf00/1eb89784_info.json
resuming bayesian/9394bf00/6c524fed_info.json
resuming bayesian/9394bf00/97c4f4c2_info.json
resuming bayesian/9394bf00/f9b6f20f_info.json
resuming bayesian/9394bf00/5f89cdcc_info.json
resuming bayesian/9394bf00/71df1f35_info.json
resuming bayesian/9394bf00/f58790b4_info.json
resuming bayesian/9394bf00/0b1a0d74_info.json
resuming bayesian/9394bf00/d3bd053a_info.json
resuming bayesian/9394bf00/bc056f14_info.json
resuming bayesian/9394bf00/8798f898_info.json
resuming bayesian/9394bf00/75aab4d9_info.json
resuming bayesian/9394bf00/a1dfc41f_info.json
resuming bayesian/9394bf00/181e367c_info.json
resuming bayesian/9394bf00/b3700e05_info.json
resuming bayesian/9394bf00/8c5529d3_info.json
resuming bayesian/9394bf00/91b95190_info.json
resuming bayesian/9394bf00/e2029ea1_info.json
resuming bayesian/9394bf00/9ab3b56c_info.json
resuming bayesian/9394bf00/9f73f0a5_info.json
resuming bayesian/9394bf00/d6c00972_info.json
resuming bayesian/9394bf00/6aaa3941_info.json
resuming bayesian/9394bf00/5c174391_info.json
resuming bayesian/9394bf00/12419d4f_info.json
resuming bayesian/9394bf00/b5cb3c4e_info.json
resuming bayesian/9394bf00/ecd1e737_info.json
resuming bayesian/9394bf00/9ed19bde_info.json
resuming bayesian/9394bf00/6d0053f5_info.json
resuming bayesian/9394bf00/a1c49c04_info.json
resuming bayesian/9394bf00/cb752d99_info.json
resuming bayesian/9394bf00/af27a572_info.json
resuming bayesian/9394bf00/4e84bab3_info.json
resuming bayesian/9394bf00/b1956163_info.json
resuming bayesian/9394bf00/1e6d8b08_info.json
resuming bayesian/9394bf00/a9bfebac_info.json
resuming bayesian/9394bf00/fd602018_info.json
resuming bayesian/9394bf00/10983201_info.json
resuming bayesian/9394bf00/b0bd9743_info.json
resuming bayesian/9394bf00/9715e444_info.json
resuming bayesian/9394bf00/a8dc6596_info.json
resuming bayesian/9394bf00/e1704924_info.json
resuming bayesian/9394bf00/dbc44f7a_info.json
resuming bayesian/9394bf00/5635a078_info.json
resuming bayesian/9394bf00/334a3f09_info.json
resuming bayesian/9394bf00/6c257e01_info.json
resuming bayesian/9394bf00/a41db700_info.json
resuming bayesian/9394bf00/3f6f3477_info.json
resuming bayesian/9394bf00/47f91fcc_info.json
resuming bayesian/9394bf00/9ef3de6c_info.json
resuming bayesian/9394bf00/3b9f8519_info.json
resuming bayesian/9394bf00/079db43b_info.json
resuming bayesian/9394bf00/ab493687_info.json
resuming bayesian/9394bf00/9d38f9ad_info.json
resuming bayesian/9394bf00/89d03795_info.json
resuming bayesian/9394bf00/91437482_info.json
resuming bayesian/9394bf00/307d6e38_info.json
resuming bayesian/9394bf00/3d246c62_info.json
resuming bayesian/9394bf00/3e4b2b18_info.json
resuming bayesian/9394bf00/da0b2728_info.json
resuming bayesian/9394bf00/3575a8ba_info.json
resuming bayesian/9394bf00/4d795d42_info.json
resuming bayesian/9394bf00/925fb4d0_info.json
resuming bayesian/9394bf00/ae4fe366_info.json
resuming bayesian/9394bf00/7d6e076f_info.json
resuming bayesian/9394bf00/5ee5332b_info.json
resuming bayesian/9394bf00/1ed2978e_info.json
resuming bayesian/9394bf00/1181a0d1_info.json
resuming bayesian/9394bf00/db925496_info.json
resuming bayesian/9394bf00/5713dcc4_info.json
resuming bayesian/9394bf00/c783f3ba_info.json
resuming bayesian/9394bf00/a2a34833_info.json
resuming bayesian/9394bf00/e12ea740_info.json
resuming bayesian/9394bf00/62566397_info.json
resuming bayesian/9394bf00/450f3990_info.json
resuming bayesian/9394bf00/8d503ec2_info.json
resuming bayesian/9394bf00/58a7fa65_info.json
resuming bayesian/9394bf00/8373c0cb_info.json
resuming bayesian/9394bf00/d47ccd03_info.json
resuming bayesian/9394bf00/59800d10_info.json
resuming bayesian/9394bf00/aad4cb62_info.json
resuming bayesian/9394bf00/1542ca4d_info.json

Resuming 122 targets for registering

(121 jobs left to resume)
optimizer 1542ca4d is done!
(120 jobs left to resume)
optimizer aad4cb62 is done!


(119 jobs left to resume)
optimizer 59800d10 is done!
(118 jobs left to resume)

optimizer d47ccd03 is done!

(117 jobs left to resume)
optimizer 8373c0cb is done!
(116 jobs left to resume)

optimizer 58a7fa65 is done!

(115 jobs left to resume)
optimizer 8d503ec2 is done!

(114 jobs left to resume)
optimizer 450f3990 is done!
(113 jobs left to resume)

optimizer 62566397 is done!

(112 jobs left to resume)
optimizer e12ea740 is done!

(111 jobs left to resume)
optimizer a2a34833 is done!
(110 jobs left to resume)

optimizer c783f3ba is done!
(109 jobs left to resume)

optimizer 5713dcc4 is done!

(108 jobs left to resume)
optimizer db925496 is done!
(107 jobs left to resume)

optimizer 1181a0d1 is done!
(106 jobs left to resume)

optimizer 1ed2978e is done!

(105 jobs left to resume)
optimizer 5ee5332b is done!
(104 jobs left to resume)

optimizer 7d6e076f is done!
(103 jobs left to resume)

optimizer ae4fe366 is done!

(102 jobs left to resume)
optimizer 925fb4d0 is done!
(101 jobs left to resume)

optimizer 4d795d42 is done!
(100 jobs left to resume)

optimizer 3575a8ba is done!

(99 jobs left to resume)
optimizer da0b2728 is done!

(98 jobs left to resume)
optimizer 3e4b2b18 is done!
(97 jobs left to resume)

optimizer 3d246c62 is done!
(96 jobs left to resume)

optimizer 307d6e38 is done!

(95 jobs left to resume)
optimizer 91437482 is done!

(94 jobs left to resume)
(93 jobs left to resume)
optimizer 89d03795 is done!
optimizer 9d38f9ad is done!

(92 jobs left to resume)

(91 jobs left to resume)
(90 jobs left to resume)
optimizer 3b9f8519 is done!

(89 jobs left to resume)
optimizer 9ef3de6c is done!

(88 jobs left to resume)
optimizer 47f91fcc is done!
(87 jobs left to resume)

optimizer 3f6f3477 is done!

(86 jobs left to resume)
(85 jobs left to resume)
optimizer a41db700 is done!
optimizer 6c257e01 is done!

(84 jobs left to resume)

(83 jobs left to resume)
optimizer 334a3f09 is done!
optimizer 5635a078 is done!
(82 jobs left to resume)


optimizer dbc44f7a is done!
(81 jobs left to resume)

(80 jobs left to resume)
optimizer a8dc6596 is done!
(79 jobs left to resume)

optimizer 9715e444 is done!
(78 jobs left to resume)

optimizer b0bd9743 is done!
(77 jobs left to resume)

optimizer 10983201 is done!
(76 jobs left to resume)

optimizer fd602018 is done!
(75 jobs left to resume)

optimizer a9bfebac is done!

(74 jobs left to resume)
optimizer 1e6d8b08 is done!
(73 jobs left to resume)

optimizer b1956163 is done!
(72 jobs left to resume)

optimizer 4e84bab3 is done!
(71 jobs left to resume)

optimizer af27a572 is done!
(70 jobs left to resume)

(69 jobs left to resume)
(68 jobs left to resume)
optimizer 6d0053f5 is done!

(67 jobs left to resume)
optimizer 9ed19bde is done!
(66 jobs left to resume)

optimizer ecd1e737 is done!
(65 jobs left to resume)
optimizer b5cb3c4e is done!

(64 jobs left to resume)

optimizer 12419d4f is done!
(63 jobs left to resume)
optimizer 5c174391 is done!


(62 jobs left to resume)
optimizer 6aaa3941 is done!

(61 jobs left to resume)
optimizer d6c00972 is done!
(60 jobs left to resume)

optimizer 9f73f0a5 is done!
(59 jobs left to resume)
optimizer 9ab3b56c is done!


(58 jobs left to resume)
(57 jobs left to resume)
optimizer e2029ea1 is done!

optimizer 91b95190 is done!

(56 jobs left to resume)
(55 jobs left to resume)
optimizer 8c5529d3 is done!
optimizer b3700e05 is done!

(54 jobs left to resume)

(53 jobs left to resume)
optimizer 181e367c is done!
optimizer a1dfc41f is done!


(52 jobs left to resume)
(51 jobs left to resume)
optimizer 75aab4d9 is done!
optimizer 8798f898 is done!


(50 jobs left to resume)
(49 jobs left to resume)
optimizer bc056f14 is done!
optimizer d3bd053a is done!


(48 jobs left to resume)
optimizer 0b1a0d74 is done!

(47 jobs left to resume)
optimizer f58790b4 is done!
(46 jobs left to resume)

optimizer 71df1f35 is done!
(45 jobs left to resume)

optimizer 5f89cdcc is done!

(44 jobs left to resume)
(43 jobs left to resume)
optimizer f9b6f20f is done!
optimizer 97c4f4c2 is done!


(42 jobs left to resume)
optimizer 6c524fed is done!

(41 jobs left to resume)
(40 jobs left to resume)
optimizer 1eb89784 is done!
optimizer 2da6f18d is done!

(39 jobs left to resume)

(38 jobs left to resume)
optimizer 77016cbb is done!
optimizer 96b0a79a is done!


(37 jobs left to resume)
(36 jobs left to resume)
optimizer d4e8f849 is done!
optimizer 79c81b2c is done!


(35 jobs left to resume)
(34 jobs left to resume)
optimizer a709f04a is done!
(33 jobs left to resume)

optimizer 8a20e8ec is done!
optimizer 427f04de is done!
(32 jobs left to resume)
optimizer c4a28956 is done!



(31 jobs left to resume)
optimizer 8085297b is done!
(30 jobs left to resume)

optimizer 469eecdd is done!
(29 jobs left to resume)

optimizer 3b12e8f4 is done!

(28 jobs left to resume)
(27 jobs left to resume)
optimizer f5c0976a is done!
optimizer 0dd4043f is done!


(26 jobs left to resume)
(25 jobs left to resume)
optimizer 066175c6 is done!

(24 jobs left to resume)
optimizer 646e25cb is done!

(23 jobs left to resume)
optimizer 5f6d4f4a is done!
(22 jobs left to resume)

(21 jobs left to resume)
optimizer 2ddcc3f6 is done!
optimizer 24c5569b is done!


(20 jobs left to resume)
optimizer 404b9025 is done!
(19 jobs left to resume)

optimizer 10f924bd is done!

(18 jobs left to resume)
optimizer 60e42031 is done!
(17 jobs left to resume)

optimizer ada386e8 is done!
(16 jobs left to resume)
optimizer fc8fc6ad is done!


(15 jobs left to resume)
optimizer 57180c0f is done!

(14 jobs left to resume)
optimizer d8a7a946 is done!

(13 jobs left to resume)
optimizer 5ab72b73 is done!

(12 jobs left to resume)
optimizer ce2830f5 is done!

(11 jobs left to resume)
optimizer c1df4616 is done!

(10 jobs left to resume)
optimizer a513dd68 is done!

(9 jobs left to resume)
optimizer 40cb0d83 is done!

(8 jobs left to resume)
optimizer 25a15894 is done!

(7 jobs left to resume)
optimizer d072c627 is done!

(6 jobs left to resume)
optimizer 929d9f06 is done!

(5 jobs left to resume)
optimizer a76e8d7c is done!

(4 jobs left to resume)
optimizer c8e2f514 is done!

(3 jobs left to resume)
optimizer 1e363bf0 is done!

(2 jobs left to resume)
optimizer aac6c66d is done!

(1 jobs left to resume)
optimizer ea13a13c is done!

(0 jobs left to resume)
optimizer bacbcdb7 is done!

job 1553675282044_5962 epoch 1 loss 8.418
job 1553675282044_5962 epoch 2 loss 10.369
job 1553675282044_5962 epoch 3 loss 9.009
job 1553675282044_5962 epoch 4 loss 9.737
job 1553675282044_5962 epoch 5 loss 10.365

job 1553675282044_6044 epoch 1 loss 9.912
job 1553675282044_6044 epoch 2 loss 11.852
job 1553675282044_6044 epoch 3 loss 11.849
optimizer a1c49c04 is done!
job 1553675282044_6044 epoch 4 loss 11.802
job 1553675282044_6044 epoch 5 loss 11.735


optimizer 3422729c is done!

job 1553675282044_6116 epoch 1 loss 11.058
job 1553675282044_6116 epoch 2 loss 11.753
job 1553675282044_6116 epoch 3 loss 12.173
job 1553675282044_6116 epoch 4 loss 12.210
job 1553675282044_6116 epoch 5 loss 8.243
job 1553675282044_6116 epoch 6 loss 7.820
job 1553675282044_6116 epoch 7 loss 7.834
job 1553675282044_6116 epoch 8 loss 7.808

job 1553675282044_6084 epoch 1 loss 9.337
job 1553675282044_6084 epoch 2 loss 8.912
job 1553675282044_6084 epoch 3 loss 9.348
job 1553675282044_6084 epoch 4 loss 9.558
job 1553675282044_6084 epoch 5 loss 10.335
job 1553675282044_6084 epoch 6 loss 12.544

job 1553675282044_6144 epoch 1 loss 11.371
optimizer cb752d99 is done!
job 1553675282044_6144 epoch 2 loss 12.288
job 1553675282044_6144 epoch 3 loss 8.175
job 1553675282044_6144 epoch 4 loss 8.221
job 1553675282044_6144 epoch 5 loss 8.127
job 1553675282044_6144 epoch 6 loss 9.313
job 1553675282044_6144 epoch 7 loss 8.228
job 1553675282044_6144 epoch 8 loss 9.501
job 1553675282044_6144 epoch 9 loss 8.993


optimizer e1704924 is done!

job 1553675282044_5745 epoch 1 loss 11.356
job 1553675282044_5745 epoch 2 loss 11.269
job 1553675282044_5745 epoch 3 loss 11.236
job 1553675282044_5745 epoch 4 loss 11.206
job 1553675282044_5745 epoch 5 loss 11.148
job 1553675282044_5745 epoch 6 loss 11.151
job 1553675282044_5745 epoch 7 loss 11.121
job 1553675282044_5745 epoch 8 loss 11.136
job 1553675282044_5745 epoch 9 loss 11.136
job 1553675282044_5745 epoch 10 loss 11.075

job 1553675282044_6116 epoch 9 loss 7.868
job 1553675282044_6116 epoch 10 loss 7.769

optimizer ab493687 is done!

optimizer 079db43b is done!

optimizer 1542ca4d found a maximum value of: -9.05
optimizer aad4cb62 found a maximum value of: -8.834
optimizer 59800d10 found a maximum value of: -8.264
optimizer d47ccd03 found a maximum value of: -9.114
optimizer 8373c0cb found a maximum value of: -9.353
optimizer 58a7fa65 found a maximum value of: -9.695
optimizer 8d503ec2 found a maximum value of: -9.046
optimizer 450f3990 found a maximum value of: -10.549
optimizer 62566397 found a maximum value of: -7.541
optimizer e12ea740 found a maximum value of: -8.838
optimizer a2a34833 found a maximum value of: -9.042
optimizer c783f3ba found a maximum value of: -9.828
optimizer 5713dcc4 found a maximum value of: -10.31
optimizer db925496 found a maximum value of: -11.013
optimizer 1181a0d1 found a maximum value of: -9.646
optimizer 1ed2978e found a maximum value of: -8.968
optimizer 5ee5332b found a maximum value of: -9.123
optimizer 7d6e076f found a maximum value of: -9.262
optimizer ae4fe366 found a maximum value of: -3.986
optimizer 925fb4d0 found a maximum value of: -8.979
optimizer 4d795d42 found a maximum value of: -7.996
optimizer 3575a8ba found a maximum value of: -8.739
optimizer da0b2728 found a maximum value of: -9.986
optimizer 3e4b2b18 found a maximum value of: -6.732
optimizer 3d246c62 found a maximum value of: -9.488
optimizer 307d6e38 found a maximum value of: -8.819
optimizer 91437482 found a maximum value of: -8.813
optimizer 89d03795 found a maximum value of: -10.807
optimizer 9d38f9ad found a maximum value of: -9.46
optimizer 3b9f8519 found a maximum value of: -8.342
optimizer 9ef3de6c found a maximum value of: -8.783
optimizer 47f91fcc found a maximum value of: -5.974
optimizer 3f6f3477 found a maximum value of: -9.64
optimizer a41db700 found a maximum value of: -11.777
optimizer 6c257e01 found a maximum value of: -12.049
optimizer 334a3f09 found a maximum value of: -9.258
optimizer 5635a078 found a maximum value of: -9.328
optimizer dbc44f7a found a maximum value of: -8.221
optimizer a8dc6596 found a maximum value of: -8.336
optimizer 9715e444 found a maximum value of: -8.014
optimizer b0bd9743 found a maximum value of: -9.907
optimizer 10983201 found a maximum value of: -8.483
optimizer fd602018 found a maximum value of: -8.348
optimizer a9bfebac found a maximum value of: -8.136
optimizer 1e6d8b08 found a maximum value of: -6.065
optimizer b1956163 found a maximum value of: -8.806
optimizer 4e84bab3 found a maximum value of: -9.528
optimizer af27a572 found a maximum value of: -11.029
optimizer 6d0053f5 found a maximum value of: -11.067
optimizer 9ed19bde found a maximum value of: -8.591
optimizer ecd1e737 found a maximum value of: -9.791
optimizer b5cb3c4e found a maximum value of: -8.759
optimizer 12419d4f found a maximum value of: -11.625
optimizer 5c174391 found a maximum value of: -7.556
optimizer 6aaa3941 found a maximum value of: -11.297
optimizer d6c00972 found a maximum value of: -9.859
optimizer 9f73f0a5 found a maximum value of: -9.182
optimizer 9ab3b56c found a maximum value of: -9.635
optimizer e2029ea1 found a maximum value of: -11.365
optimizer 91b95190 found a maximum value of: -5.984
optimizer 8c5529d3 found a maximum value of: -9.055
optimizer b3700e05 found a maximum value of: -8.728
optimizer 181e367c found a maximum value of: -5.459
optimizer a1dfc41f found a maximum value of: -9.371
optimizer 75aab4d9 found a maximum value of: -8.265
optimizer 8798f898 found a maximum value of: -9.579
optimizer bc056f14 found a maximum value of: -8.937
optimizer d3bd053a found a maximum value of: -6.612
optimizer 0b1a0d74 found a maximum value of: -9.603
optimizer f58790b4 found a maximum value of: -9.917
optimizer 71df1f35 found a maximum value of: -11.011
optimizer 5f89cdcc found a maximum value of: -8.892
optimizer f9b6f20f found a maximum value of: -8.898
optimizer 97c4f4c2 found a maximum value of: -7.789
optimizer 6c524fed found a maximum value of: -10.06
optimizer 1eb89784 found a maximum value of: -9.188
optimizer 2da6f18d found a maximum value of: -8.627
optimizer 77016cbb found a maximum value of: -9.929
optimizer 96b0a79a found a maximum value of: -9.034
optimizer d4e8f849 found a maximum value of: -11.614
optimizer 79c81b2c found a maximum value of: -8.201
optimizer a709f04a found a maximum value of: -7.908
optimizer 8a20e8ec found a maximum value of: -11.953
optimizer 427f04de found a maximum value of: -10.784
optimizer c4a28956 found a maximum value of: -11.161
optimizer 8085297b found a maximum value of: -11.991
optimizer 469eecdd found a maximum value of: -10.235
optimizer 3b12e8f4 found a maximum value of: -8.521
optimizer f5c0976a found a maximum value of: -5.816
optimizer 0dd4043f found a maximum value of: -11.748
optimizer 066175c6 found a maximum value of: -8.7
optimizer 646e25cb found a maximum value of: -9.387
optimizer 5f6d4f4a found a maximum value of: -10.936
optimizer 2ddcc3f6 found a maximum value of: -7.944
optimizer 24c5569b found a maximum value of: -11.913
optimizer 404b9025 found a maximum value of: -8.844
optimizer 10f924bd found a maximum value of: -11.627
optimizer 60e42031 found a maximum value of: -11.753
optimizer ada386e8 found a maximum value of: -8.533
optimizer fc8fc6ad found a maximum value of: -8.853
optimizer 57180c0f found a maximum value of: -9.042
optimizer d8a7a946 found a maximum value of: -11.122
optimizer 5ab72b73 found a maximum value of: -9.742
optimizer ce2830f5 found a maximum value of: -7.553
optimizer c1df4616 found a maximum value of: -9.13
optimizer a513dd68 found a maximum value of: -9.086
optimizer 40cb0d83 found a maximum value of: -8.641
optimizer 25a15894 found a maximum value of: -11.651
optimizer d072c627 found a maximum value of: -7.47
optimizer 929d9f06 found a maximum value of: -11.783
optimizer a76e8d7c found a maximum value of: -9.874
optimizer c8e2f514 found a maximum value of: -8.009
optimizer 1e363bf0 found a maximum value of: -7.888
optimizer aac6c66d found a maximum value of: -11.192
optimizer ea13a13c found a maximum value of: -11.142
optimizer bacbcdb7 found a maximum value of: -8.642
optimizer a1c49c04 found a maximum value of: -8.418
optimizer 3422729c found a maximum value of: -9.912
optimizer cb752d99 found a maximum value of: -8.912
optimizer e1704924 found a maximum value of: -8.127
optimizer ab493687 found a maximum value of: -11.075
optimizer 079db43b found a maximum value of: -7.769

Maximum value: -3.986
