resuming bayesian/ab020539/af7975cb_info.json
resuming bayesian/ab020539/361a8d3b_info.json
resuming bayesian/ab020539/bcf59ae7_info.json
resuming bayesian/ab020539/a029493d_info.json
resuming bayesian/ab020539/085e1c4e_info.json
resuming bayesian/ab020539/78eadbc8_info.json
resuming bayesian/ab020539/981a512f_info.json
resuming bayesian/ab020539/ddeeeaf1_info.json
resuming bayesian/ab020539/4c05192c_info.json
resuming bayesian/ab020539/8fc72082_info.json
resuming bayesian/ab020539/04675a33_info.json
resuming bayesian/ab020539/4d21e66d_info.json
resuming bayesian/ab020539/b780ce6d_info.json
resuming bayesian/ab020539/3ffaf379_info.json
resuming bayesian/ab020539/558d7c92_info.json
resuming bayesian/ab020539/f73e6292_info.json
resuming bayesian/ab020539/80bc5482_info.json
resuming bayesian/ab020539/2874a8eb_info.json
resuming bayesian/ab020539/97dd304f_info.json
resuming bayesian/ab020539/7bba8806_info.json
resuming bayesian/ab020539/3d66c33a_info.json
resuming bayesian/ab020539/7a693a36_info.json
resuming bayesian/ab020539/4155054d_info.json
resuming bayesian/ab020539/9f2834ac_info.json
resuming bayesian/ab020539/09fb3959_info.json
resuming bayesian/ab020539/afb28804_info.json
resuming bayesian/ab020539/81850ce7_info.json
resuming bayesian/ab020539/a0a1a1f8_info.json
resuming bayesian/ab020539/1c1eeecf_info.json
resuming bayesian/ab020539/57940254_info.json
resuming bayesian/ab020539/ef92ec21_info.json
resuming bayesian/ab020539/7fe4aac4_info.json
resuming bayesian/ab020539/38ef5d1e_info.json
resuming bayesian/ab020539/b2a9a09b_info.json
resuming bayesian/ab020539/4e75ef22_info.json
resuming bayesian/ab020539/8a9b766a_info.json
resuming bayesian/ab020539/26baf843_info.json
resuming bayesian/ab020539/2aaf6763_info.json
resuming bayesian/ab020539/c1fc5811_info.json
resuming bayesian/ab020539/ff4eb716_info.json
resuming bayesian/ab020539/5788097d_info.json
resuming bayesian/ab020539/1939df5d_info.json
resuming bayesian/ab020539/6b8abbbe_info.json
resuming bayesian/ab020539/1cc475b6_info.json
resuming bayesian/ab020539/f5d8ece9_info.json
resuming bayesian/ab020539/0a56363f_info.json
resuming bayesian/ab020539/e5108b98_info.json
resuming bayesian/ab020539/65006081_info.json
resuming bayesian/ab020539/f657952a_info.json
resuming bayesian/ab020539/a18c4ae2_info.json
resuming bayesian/ab020539/a23062a0_info.json
resuming bayesian/ab020539/5c66f99a_info.json
resuming bayesian/ab020539/4b454d5c_info.json
resuming bayesian/ab020539/88546ad4_info.json
resuming bayesian/ab020539/a4e1c6f3_info.json
resuming bayesian/ab020539/7489c21f_info.json
resuming bayesian/ab020539/19c88f26_info.json
resuming bayesian/ab020539/ca4bc615_info.json
resuming bayesian/ab020539/84092c45_info.json
resuming bayesian/ab020539/aa193375_info.json
resuming bayesian/ab020539/52da768c_info.json
resuming bayesian/ab020539/e556475c_info.json
resuming bayesian/ab020539/825aba3d_info.json
resuming bayesian/ab020539/10a8b49a_info.json
resuming bayesian/ab020539/c69914ec_info.json
resuming bayesian/ab020539/d93cae02_info.json
resuming bayesian/ab020539/165b9e65_info.json
resuming bayesian/ab020539/f45f454a_info.json
resuming bayesian/ab020539/e14df18a_info.json
resuming bayesian/ab020539/a4a81693_info.json
resuming bayesian/ab020539/1e0339ba_info.json
resuming bayesian/ab020539/2c3c2ce0_info.json
resuming bayesian/ab020539/6f4b8cf7_info.json
resuming bayesian/ab020539/48762b99_info.json
resuming bayesian/ab020539/598b9215_info.json
resuming bayesian/ab020539/63b90868_info.json
resuming bayesian/ab020539/cb6ab60b_info.json
resuming bayesian/ab020539/8db00c0f_info.json
resuming bayesian/ab020539/4648fb8d_info.json
resuming bayesian/ab020539/170c6a3d_info.json
resuming bayesian/ab020539/76356ec8_info.json
resuming bayesian/ab020539/18a07128_info.json

Resuming 81 targets for registering

(80 jobs left to resume)
(79 jobs left to resume)
(78 jobs left to resume)
(77 jobs left to resume)
optimizer 4648fb8d is done!

(76 jobs left to resume)
optimizer 8db00c0f is done!

(75 jobs left to resume)
optimizer cb6ab60b is done!
(74 jobs left to resume)

optimizer 63b90868 is done!
(73 jobs left to resume)

optimizer 598b9215 is done!
(72 jobs left to resume)

optimizer 48762b99 is done!
(71 jobs left to resume)

optimizer 6f4b8cf7 is done!
(70 jobs left to resume)

(69 jobs left to resume)
optimizer 1e0339ba is done!
(68 jobs left to resume)

optimizer a4a81693 is done!

(67 jobs left to resume)
(66 jobs left to resume)
(65 jobs left to resume)
optimizer 165b9e65 is done!
(64 jobs left to resume)

(63 jobs left to resume)
optimizer c69914ec is done!

(62 jobs left to resume)
optimizer 10a8b49a is done!

(61 jobs left to resume)
optimizer 825aba3d is done!
(60 jobs left to resume)

(59 jobs left to resume)
optimizer 52da768c is done!

(58 jobs left to resume)
optimizer aa193375 is done!

(57 jobs left to resume)
optimizer 84092c45 is done!
(56 jobs left to resume)

(55 jobs left to resume)
(54 jobs left to resume)
optimizer 7489c21f is done!

(53 jobs left to resume)
optimizer a4e1c6f3 is done!
(52 jobs left to resume)

(51 jobs left to resume)
optimizer 88546ad4 is done!
optimizer 5c66f99a is done!

(50 jobs left to resume)

(49 jobs left to resume)
(48 jobs left to resume)
optimizer f657952a is done!

(47 jobs left to resume)
(46 jobs left to resume)
optimizer e5108b98 is done!
(45 jobs left to resume)

optimizer 0a56363f is done!

(44 jobs left to resume)
optimizer f5d8ece9 is done!

(43 jobs left to resume)
optimizer 1cc475b6 is done!
(42 jobs left to resume)

optimizer 6b8abbbe is done!
(41 jobs left to resume)
optimizer 1939df5d is done!


(40 jobs left to resume)
optimizer 5788097d is done!

(39 jobs left to resume)
optimizer ff4eb716 is done!
(38 jobs left to resume)

optimizer c1fc5811 is done!
(37 jobs left to resume)

(36 jobs left to resume)
optimizer 26baf843 is done!
(35 jobs left to resume)

optimizer 8a9b766a is done!

(34 jobs left to resume)
optimizer 4e75ef22 is done!

(33 jobs left to resume)
optimizer b2a9a09b is done!
(32 jobs left to resume)

optimizer 38ef5d1e is done!

(31 jobs left to resume)
optimizer 7fe4aac4 is done!

(30 jobs left to resume)
optimizer ef92ec21 is done!
(29 jobs left to resume)

(28 jobs left to resume)
optimizer 1c1eeecf is done!

(27 jobs left to resume)
(26 jobs left to resume)
optimizer 81850ce7 is done!

(25 jobs left to resume)
(24 jobs left to resume)
optimizer 09fb3959 is done!

(23 jobs left to resume)
optimizer 9f2834ac is done!
(22 jobs left to resume)

(21 jobs left to resume)
optimizer 7a693a36 is done!

optimizer 4155054d is done!
(20 jobs left to resume)

(19 jobs left to resume)
(18 jobs left to resume)
optimizer 97dd304f is done!

(17 jobs left to resume)
(16 jobs left to resume)
optimizer 2874a8eb is done!

optimizer 80bc5482 is done!
(15 jobs left to resume)

(14 jobs left to resume)
optimizer 558d7c92 is done!

(13 jobs left to resume)
optimizer 3ffaf379 is done!

(12 jobs left to resume)
optimizer b780ce6d is done!
(11 jobs left to resume)

optimizer 4d21e66d is done!

(10 jobs left to resume)
(9 jobs left to resume)
optimizer 8fc72082 is done!

(8 jobs left to resume)
(7 jobs left to resume)
optimizer 4c05192c is done!

(6 jobs left to resume)
optimizer ddeeeaf1 is done!

(5 jobs left to resume)
(4 jobs left to resume)
optimizer 085e1c4e is done!

(3 jobs left to resume)
(2 jobs left to resume)
optimizer a029493d is done!

(1 jobs left to resume)
optimizer bcf59ae7 is done!
optimizer 361a8d3b is done!


(0 jobs left to resume)
job 1553675282044_8346 epoch 1 loss 7.919
job 1553675282044_8346 epoch 2 loss 6.748
job 1553675282044_8346 epoch 3 loss 5.715
job 1553675282044_8346 epoch 4 loss 5.031
job 1553675282044_8346 epoch 5 loss 4.744
job 1553675282044_8346 epoch 6 loss 4.592
job 1553675282044_8346 epoch 7 loss 4.528
job 1553675282044_8346 epoch 8 loss 4.507
job 1553675282044_8346 epoch 9 loss 4.492
job 1553675282044_8346 epoch 10 loss 4.518
job 1553675282044_8346 epoch 11 loss 4.544
job 1553675282044_8346 epoch 12 loss 4.601
job 1553675282044_8346 epoch 13 loss 4.642

optimizer 981a512f is done!

job 1553675282044_9310 epoch 1 loss 8.650
job 1553675282044_9310 epoch 2 loss 7.547
job 1553675282044_9310 epoch 3 loss 6.786
job 1553675282044_9310 epoch 4 loss 6.258
job 1553675282044_9310 epoch 5 loss 5.648
job 1553675282044_9310 epoch 6 loss 5.105
job 1553675282044_9310 epoch 7 loss 4.779
job 1553675282044_9310 epoch 8 loss 4.666
job 1553675282044_9310 epoch 9 loss 4.582
job 1553675282044_9310 epoch 10 loss 4.594
job 1553675282044_9310 epoch 11 loss 4.624
job 1553675282044_9310 epoch 12 loss 4.657
job 1553675282044_9310 epoch 13 loss 4.737

optimizer 2aaf6763 is done!

job 1553675282044_9367 epoch 1 loss 10.206
job 1553675282044_9367 epoch 2 loss 9.361
job 1553675282044_9367 epoch 3 loss 8.823
job 1553675282044_9367 epoch 4 loss 8.402
job 1553675282044_9367 epoch 5 loss 8.128
job 1553675282044_9367 epoch 6 loss 7.908
job 1553675282044_9367 epoch 7 loss 7.721
job 1553675282044_9367 epoch 8 loss 7.548
job 1553675282044_9367 epoch 9 loss 7.393
job 1553675282044_9367 epoch 10 loss 7.260
job 1553675282044_9367 epoch 11 loss 7.132
job 1553675282044_9367 epoch 12 loss 7.021
job 1553675282044_9367 epoch 13 loss 6.932
job 1553675282044_9367 epoch 14 loss 6.853
job 1553675282044_9367 epoch 15 loss 6.805

job 1553675282044_8424 epoch 1 loss 11.047
job 1553675282044_8424 epoch 2 loss 11.553
job 1553675282044_8424 epoch 3 loss 11.843
job 1553675282044_8424 epoch 4 loss 12.053
job 1553675282044_8424 epoch 5 loss 11.102

optimizer 65006081 is done!

job 1553675282044_8997 epoch 1 loss 7.919
job 1553675282044_8997 epoch 2 loss 6.748
job 1553675282044_8997 epoch 3 loss 5.715
job 1553675282044_8997 epoch 4 loss 5.031
job 1553675282044_8997 epoch 5 loss 4.744
job 1553675282044_8997 epoch 6 loss 4.592
job 1553675282044_8997 epoch 7 loss 4.528
job 1553675282044_8997 epoch 8 loss 4.507
job 1553675282044_8997 epoch 9 loss 4.492
job 1553675282044_8997 epoch 10 loss 4.518
job 1553675282044_8997 epoch 11 loss 4.544
job 1553675282044_8997 epoch 12 loss 4.601
job 1553675282044_8997 epoch 13 loss 4.642

optimizer 170c6a3d is done!

job 1553675282044_8986 epoch 1 loss 8.650
job 1553675282044_8986 epoch 2 loss 7.547
job 1553675282044_8986 epoch 3 loss 6.786
job 1553675282044_8986 epoch 4 loss 6.258
job 1553675282044_8986 epoch 5 loss 5.648
job 1553675282044_8986 epoch 6 loss 5.105
job 1553675282044_8986 epoch 7 loss 4.779
job 1553675282044_8986 epoch 8 loss 4.666
job 1553675282044_8986 epoch 9 loss 4.582
job 1553675282044_8986 epoch 10 loss 4.594
job 1553675282044_8986 epoch 11 loss 4.624
job 1553675282044_8986 epoch 12 loss 4.657
job 1553675282044_8986 epoch 13 loss 4.737

optimizer e14df18a is done!

job 1553675282044_8631 epoch 1 loss 11.047
job 1553675282044_8631 epoch 2 loss 11.553
job 1553675282044_8631 epoch 3 loss 11.843
job 1553675282044_8631 epoch 4 loss 12.053
job 1553675282044_8631 epoch 5 loss 11.102

optimizer a23062a0 is done!

job 1553675282044_9680 epoch 1 loss 8.650
job 1553675282044_9680 epoch 2 loss 7.547
job 1553675282044_9680 epoch 3 loss 6.786
job 1553675282044_9680 epoch 4 loss 6.258
job 1553675282044_9680 epoch 5 loss 5.648
job 1553675282044_9680 epoch 6 loss 5.105
job 1553675282044_9680 epoch 7 loss 4.779
job 1553675282044_9680 epoch 8 loss 4.666
job 1553675282044_9680 epoch 9 loss 4.582
job 1553675282044_9680 epoch 10 loss 4.594
job 1553675282044_9680 epoch 11 loss 4.624
job 1553675282044_8023 epoch 1 loss 7.919
job 1553675282044_9680 epoch 12 loss 4.657
job 1553675282044_8023 epoch 2 loss 6.748
job 1553675282044_9680 epoch 13 loss 4.737

job 1553675282044_8023 epoch 3 loss 5.715
job 1553675282044_8023 epoch 4 loss 5.031
job 1553675282044_8023 epoch 5 loss 4.744
job 1553675282044_8023 epoch 6 loss 4.592
job 1553675282044_8023 epoch 7 loss 4.528
job 1553675282044_8023 epoch 8 loss 4.507
job 1553675282044_8023 epoch 9 loss 4.492
job 1553675282044_8023 epoch 10 loss 4.518
job 1553675282044_8023 epoch 11 loss 4.544
job 1553675282044_8023 epoch 12 loss 4.601
job 1553675282044_8023 epoch 13 loss 4.642

job 1553675282044_8609 epoch 1 loss 7.919
optimizer 18a07128 is done!

optimizer 2c3c2ce0 is done!
job 1553675282044_8609 epoch 2 loss 6.748
job 1553675282044_8609 epoch 3 loss 5.715
job 1553675282044_8609 epoch 4 loss 5.031
job 1553675282044_8609 epoch 5 loss 4.744

job 1553675282044_8609 epoch 6 loss 4.592
job 1553675282044_8609 epoch 7 loss 4.528
job 1553675282044_8609 epoch 8 loss 4.507
job 1553675282044_8609 epoch 9 loss 4.492
job 1553675282044_8609 epoch 10 loss 4.518
job 1553675282044_8609 epoch 11 loss 4.544
job 1553675282044_8609 epoch 12 loss 4.601
job 1553675282044_8609 epoch 13 loss 4.642

optimizer 19c88f26 is done!

optimizer a18c4ae2 is done!

optimizer 57940254 is done!

optimizer af7975cb is done!
optimizer 76356ec8 is done!


optimizer ca4bc615 is done!

optimizer f73e6292 is done!

optimizer d93cae02 is done!

optimizer afb28804 is done!

optimizer 3d66c33a is done!

optimizer 78eadbc8 is done!

optimizer e556475c is done!

optimizer f45f454a is done!

optimizer a0a1a1f8 is done!

optimizer 04675a33 is done!

optimizer 7bba8806 is done!

optimizer 4648fb8d found a maximum value of: -6.431
optimizer 8db00c0f found a maximum value of: -6.507
optimizer cb6ab60b found a maximum value of: -4.393
optimizer 63b90868 found a maximum value of: -6.463
optimizer 598b9215 found a maximum value of: -5.534
optimizer 48762b99 found a maximum value of: -5.024
optimizer 6f4b8cf7 found a maximum value of: -6.02
optimizer 1e0339ba found a maximum value of: -4.96
optimizer a4a81693 found a maximum value of: -10.012
optimizer 165b9e65 found a maximum value of: -6.854
optimizer c69914ec found a maximum value of: -4.914
optimizer 10a8b49a found a maximum value of: -6.391
optimizer 825aba3d found a maximum value of: -5.615
optimizer 52da768c found a maximum value of: -4.521
optimizer aa193375 found a maximum value of: -7.437
optimizer 84092c45 found a maximum value of: -4.845
optimizer 7489c21f found a maximum value of: -6.515
optimizer a4e1c6f3 found a maximum value of: -6.645
optimizer 88546ad4 found a maximum value of: -7.138
optimizer 5c66f99a found a maximum value of: -7.097
optimizer f657952a found a maximum value of: -4.701
optimizer e5108b98 found a maximum value of: -5.707
optimizer 0a56363f found a maximum value of: -4.164
optimizer f5d8ece9 found a maximum value of: -7.069
optimizer 1cc475b6 found a maximum value of: -7.589
optimizer 6b8abbbe found a maximum value of: -5.588
optimizer 1939df5d found a maximum value of: -8.777
optimizer 5788097d found a maximum value of: -6.614
optimizer ff4eb716 found a maximum value of: -6.118
optimizer c1fc5811 found a maximum value of: -5.503
optimizer 26baf843 found a maximum value of: -7.159
optimizer 8a9b766a found a maximum value of: -7.706
optimizer 4e75ef22 found a maximum value of: -6.252
optimizer b2a9a09b found a maximum value of: -7.394
optimizer 38ef5d1e found a maximum value of: -5.0
optimizer 7fe4aac4 found a maximum value of: -5.776
optimizer ef92ec21 found a maximum value of: -6.529
optimizer 1c1eeecf found a maximum value of: -4.312
optimizer 81850ce7 found a maximum value of: -7.906
optimizer 09fb3959 found a maximum value of: -5.12
optimizer 9f2834ac found a maximum value of: -5.117
optimizer 7a693a36 found a maximum value of: -7.956
optimizer 4155054d found a maximum value of: -8.114
optimizer 97dd304f found a maximum value of: -6.712
optimizer 2874a8eb found a maximum value of: -6.416
optimizer 80bc5482 found a maximum value of: -5.773
optimizer 558d7c92 found a maximum value of: -6.973
optimizer 3ffaf379 found a maximum value of: -6.499
optimizer b780ce6d found a maximum value of: -4.74
optimizer 4d21e66d found a maximum value of: -4.589
optimizer 8fc72082 found a maximum value of: -6.395
optimizer 4c05192c found a maximum value of: -4.588
optimizer ddeeeaf1 found a maximum value of: -7.802
optimizer 085e1c4e found a maximum value of: -4.406
optimizer a029493d found a maximum value of: -8.905
optimizer bcf59ae7 found a maximum value of: -6.618
optimizer 361a8d3b found a maximum value of: -4.671
optimizer 981a512f found a maximum value of: -4.492
optimizer 2aaf6763 found a maximum value of: -4.582
optimizer 65006081 found a maximum value of: -11.047
optimizer 170c6a3d found a maximum value of: -4.492
optimizer e14df18a found a maximum value of: -4.582
optimizer a23062a0 found a maximum value of: -11.047
optimizer 18a07128 found a maximum value of: -4.492
optimizer 2c3c2ce0 found a maximum value of: -4.582
optimizer 19c88f26 found a maximum value of: -4.492
optimizer a18c4ae2 found a maximum value of: -6.805
optimizer 57940254 found a maximum value of: None
optimizer af7975cb found a maximum value of: None
optimizer 76356ec8 found a maximum value of: None
optimizer ca4bc615 found a maximum value of: None
optimizer f73e6292 found a maximum value of: None
optimizer d93cae02 found a maximum value of: None
optimizer afb28804 found a maximum value of: None
optimizer 3d66c33a found a maximum value of: None
optimizer 78eadbc8 found a maximum value of: None
optimizer e556475c found a maximum value of: None
optimizer f45f454a found a maximum value of: None
optimizer a0a1a1f8 found a maximum value of: None
optimizer 04675a33 found a maximum value of: None
optimizer 7bba8806 found a maximum value of: None

Maximum value: -4.164
