resuming bayesian/e3f5b02d/2ab8eb9e_info.json
resuming bayesian/e3f5b02d/908c904b_info.json
resuming bayesian/e3f5b02d/742c4457_info.json
resuming bayesian/e3f5b02d/4168bb08_info.json
resuming bayesian/e3f5b02d/c1d9121a_info.json
resuming bayesian/e3f5b02d/57f16041_info.json
resuming bayesian/e3f5b02d/537ee6ed_info.json
resuming bayesian/e3f5b02d/90abfb7b_info.json
resuming bayesian/e3f5b02d/149fef40_info.json
resuming bayesian/e3f5b02d/a564a126_info.json
resuming bayesian/e3f5b02d/6e367469_info.json
resuming bayesian/e3f5b02d/7ea422c2_info.json
resuming bayesian/e3f5b02d/c9774da7_info.json
resuming bayesian/e3f5b02d/f17893e5_info.json
resuming bayesian/e3f5b02d/9d625490_info.json
resuming bayesian/e3f5b02d/7b6e4a3e_info.json
resuming bayesian/e3f5b02d/cbfabd3b_info.json
resuming bayesian/e3f5b02d/67230efa_info.json
resuming bayesian/e3f5b02d/7d735a18_info.json
resuming bayesian/e3f5b02d/fb1dc38d_info.json
resuming bayesian/e3f5b02d/deac7724_info.json
resuming bayesian/e3f5b02d/dea13dfd_info.json
resuming bayesian/e3f5b02d/9cea6f2f_info.json
resuming bayesian/e3f5b02d/d0e0f8ea_info.json
resuming bayesian/e3f5b02d/c3e5b906_info.json
resuming bayesian/e3f5b02d/79913322_info.json
resuming bayesian/e3f5b02d/97c85613_info.json
resuming bayesian/e3f5b02d/ad906ce4_info.json
resuming bayesian/e3f5b02d/1362b2ee_info.json
resuming bayesian/e3f5b02d/6b0006c8_info.json
resuming bayesian/e3f5b02d/1405df4d_info.json
resuming bayesian/e3f5b02d/faac7636_info.json
resuming bayesian/e3f5b02d/d5b96d9b_info.json
resuming bayesian/e3f5b02d/95201b6b_info.json
resuming bayesian/e3f5b02d/aaebe180_info.json
resuming bayesian/e3f5b02d/743a6d84_info.json
resuming bayesian/e3f5b02d/3f014b24_info.json
resuming bayesian/e3f5b02d/2e9a5942_info.json
resuming bayesian/e3f5b02d/45215872_info.json
resuming bayesian/e3f5b02d/0d8a9ca2_info.json
resuming bayesian/e3f5b02d/e9101a98_info.json
resuming bayesian/e3f5b02d/5bfbd999_info.json
resuming bayesian/e3f5b02d/2146fc76_info.json
resuming bayesian/e3f5b02d/bdc39825_info.json
resuming bayesian/e3f5b02d/14860bce_info.json
resuming bayesian/e3f5b02d/3beef915_info.json
resuming bayesian/e3f5b02d/f6699579_info.json
resuming bayesian/e3f5b02d/8a806c2c_info.json
resuming bayesian/e3f5b02d/ed7cf72d_info.json
resuming bayesian/e3f5b02d/32c0cf7c_info.json
resuming bayesian/e3f5b02d/fda33bb1_info.json
resuming bayesian/e3f5b02d/c2239ac6_info.json
resuming bayesian/e3f5b02d/ec9cc854_info.json
resuming bayesian/e3f5b02d/425e9e3c_info.json
resuming bayesian/e3f5b02d/f2b07319_info.json
resuming bayesian/e3f5b02d/7e7ab00d_info.json
resuming bayesian/e3f5b02d/aef55f03_info.json
resuming bayesian/e3f5b02d/bbc562d8_info.json
resuming bayesian/e3f5b02d/a098a1fb_info.json
resuming bayesian/e3f5b02d/94e3a2c8_info.json
resuming bayesian/e3f5b02d/01b48039_info.json
resuming bayesian/e3f5b02d/95a26a2e_info.json
resuming bayesian/e3f5b02d/14d6af9d_info.json
resuming bayesian/e3f5b02d/1e2656ae_info.json
resuming bayesian/e3f5b02d/baa6a8b3_info.json
resuming bayesian/e3f5b02d/d6fecc49_info.json
resuming bayesian/e3f5b02d/bead44dd_info.json
resuming bayesian/e3f5b02d/277567e8_info.json
resuming bayesian/e3f5b02d/21dba151_info.json
resuming bayesian/e3f5b02d/630e3940_info.json
resuming bayesian/e3f5b02d/86b653c3_info.json
resuming bayesian/e3f5b02d/d8a4b726_info.json
resuming bayesian/e3f5b02d/d282218c_info.json
resuming bayesian/e3f5b02d/5a9efdd8_info.json
resuming bayesian/e3f5b02d/569b1cc1_info.json
resuming bayesian/e3f5b02d/5fbb6c27_info.json
resuming bayesian/e3f5b02d/be2eb3fc_info.json
resuming bayesian/e3f5b02d/6bb7ba21_info.json
resuming bayesian/e3f5b02d/53786b05_info.json
resuming bayesian/e3f5b02d/bd3b1ead_info.json
resuming bayesian/e3f5b02d/5d6af660_info.json
resuming bayesian/e3f5b02d/1b636758_info.json
resuming bayesian/e3f5b02d/74d30650_info.json
resuming bayesian/e3f5b02d/85cc5a71_info.json
resuming bayesian/e3f5b02d/f9af47fe_info.json
resuming bayesian/e3f5b02d/ef06200a_info.json
resuming bayesian/e3f5b02d/c9f1838f_info.json
resuming bayesian/e3f5b02d/0faf8937_info.json
resuming bayesian/e3f5b02d/0d9373f2_info.json
resuming bayesian/e3f5b02d/14e480f4_info.json
resuming bayesian/e3f5b02d/7090621e_info.json
resuming bayesian/e3f5b02d/1b737d27_info.json
resuming bayesian/e3f5b02d/f43dfd30_info.json
resuming bayesian/e3f5b02d/b21a78ea_info.json
resuming bayesian/e3f5b02d/8d619be0_info.json
resuming bayesian/e3f5b02d/af506a75_info.json
resuming bayesian/e3f5b02d/cda6f3ca_info.json
resuming bayesian/e3f5b02d/e8f3f5f0_info.json
resuming bayesian/e3f5b02d/6f2b0cab_info.json
resuming bayesian/e3f5b02d/79812ab6_info.json
resuming bayesian/e3f5b02d/d0bf14ad_info.json
resuming bayesian/e3f5b02d/5305b9f0_info.json
resuming bayesian/e3f5b02d/66348c15_info.json
resuming bayesian/e3f5b02d/50a11a48_info.json
resuming bayesian/e3f5b02d/2e558ffd_info.json
resuming bayesian/e3f5b02d/5c58a147_info.json
resuming bayesian/e3f5b02d/774f55ca_info.json
resuming bayesian/e3f5b02d/1c6f55f5_info.json
resuming bayesian/e3f5b02d/14620ae7_info.json
resuming bayesian/e3f5b02d/672021a5_info.json
resuming bayesian/e3f5b02d/7700db73_info.json
resuming bayesian/e3f5b02d/6ec91606_info.json
resuming bayesian/e3f5b02d/f8293789_info.json
resuming bayesian/e3f5b02d/4cf106b6_info.json
resuming bayesian/e3f5b02d/0c2e764d_info.json

Resuming 115 targets for registering

(114 jobs left to resume)
optimizer 0c2e764d is done!

(113 jobs left to resume)
optimizer 4cf106b6 is done!

(112 jobs left to resume)
(111 jobs left to resume)
optimizer f8293789 is done!

(110 jobs left to resume)
optimizer 7700db73 is done!
(109 jobs left to resume)

optimizer 672021a5 is done!

(108 jobs left to resume)
optimizer 14620ae7 is done!

(107 jobs left to resume)
(106 jobs left to resume)
optimizer 1c6f55f5 is done!
optimizer 774f55ca is done!


(105 jobs left to resume)
optimizer 5c58a147 is done!

(104 jobs left to resume)
optimizer 2e558ffd is done!

(103 jobs left to resume)
optimizer 50a11a48 is done!
(102 jobs left to resume)

optimizer 66348c15 is done!

(101 jobs left to resume)
(100 jobs left to resume)
(99 jobs left to resume)
optimizer 79812ab6 is done!
(98 jobs left to resume)

optimizer 6f2b0cab is done!
(97 jobs left to resume)

optimizer e8f3f5f0 is done!
(96 jobs left to resume)

optimizer cda6f3ca is done!
(95 jobs left to resume)

optimizer af506a75 is done!
(94 jobs left to resume)

optimizer 8d619be0 is done!

(93 jobs left to resume)
optimizer b21a78ea is done!
(92 jobs left to resume)

optimizer f43dfd30 is done!
(91 jobs left to resume)

optimizer 1b737d27 is done!
(90 jobs left to resume)

optimizer 7090621e is done!
(89 jobs left to resume)

optimizer 14e480f4 is done!
(88 jobs left to resume)

optimizer 0d9373f2 is done!
(87 jobs left to resume)

optimizer 0faf8937 is done!
(86 jobs left to resume)

optimizer c9f1838f is done!

(85 jobs left to resume)
optimizer ef06200a is done!
(84 jobs left to resume)

(83 jobs left to resume)
optimizer 85cc5a71 is done!
(82 jobs left to resume)

optimizer 74d30650 is done!
(81 jobs left to resume)

optimizer 1b636758 is done!
(80 jobs left to resume)

optimizer 5d6af660 is done!
(79 jobs left to resume)

optimizer bd3b1ead is done!
(78 jobs left to resume)

optimizer 53786b05 is done!
(77 jobs left to resume)

optimizer 6bb7ba21 is done!
(76 jobs left to resume)

optimizer be2eb3fc is done!

(75 jobs left to resume)
optimizer 5fbb6c27 is done!
(74 jobs left to resume)

(73 jobs left to resume)
optimizer 569b1cc1 is done!
(72 jobs left to resume)

optimizer d282218c is done!
optimizer 5a9efdd8 is done!
(71 jobs left to resume)

optimizer d8a4b726 is done!


(70 jobs left to resume)
optimizer 86b653c3 is done!
(69 jobs left to resume)

(68 jobs left to resume)
optimizer 630e3940 is done!
optimizer 21dba151 is done!

(67 jobs left to resume)

optimizer 277567e8 is done!

(66 jobs left to resume)
optimizer bead44dd is done!
(65 jobs left to resume)

optimizer d6fecc49 is done!

(64 jobs left to resume)
optimizer baa6a8b3 is done!
(63 jobs left to resume)

optimizer 1e2656ae is done!
(62 jobs left to resume)

optimizer 14d6af9d is done!

(61 jobs left to resume)
optimizer 95a26a2e is done!
(60 jobs left to resume)

(59 jobs left to resume)
optimizer 01b48039 is done!
optimizer 94e3a2c8 is done!

(58 jobs left to resume)

optimizer a098a1fb is done!

(57 jobs left to resume)
optimizer bbc562d8 is done!
(56 jobs left to resume)

optimizer aef55f03 is done!
(55 jobs left to resume)

optimizer 7e7ab00d is done!
(54 jobs left to resume)

optimizer f2b07319 is done!

(53 jobs left to resume)
optimizer 425e9e3c is done!
(52 jobs left to resume)

optimizer ec9cc854 is done!

(51 jobs left to resume)
optimizer c2239ac6 is done!
(50 jobs left to resume)

optimizer fda33bb1 is done!

(49 jobs left to resume)
optimizer 32c0cf7c is done!
(48 jobs left to resume)

optimizer ed7cf72d is done!

(47 jobs left to resume)
optimizer 8a806c2c is done!
(46 jobs left to resume)

optimizer f6699579 is done!

(45 jobs left to resume)
optimizer 3beef915 is done!
(44 jobs left to resume)

optimizer 14860bce is done!

(43 jobs left to resume)
optimizer bdc39825 is done!
(42 jobs left to resume)

optimizer 2146fc76 is done!

(41 jobs left to resume)
optimizer 5bfbd999 is done!
(40 jobs left to resume)

optimizer e9101a98 is done!

(39 jobs left to resume)
optimizer 0d8a9ca2 is done!
(38 jobs left to resume)

optimizer 45215872 is done!
(37 jobs left to resume)

optimizer 2e9a5942 is done!
(36 jobs left to resume)

optimizer 3f014b24 is done!
(35 jobs left to resume)

optimizer 743a6d84 is done!

(34 jobs left to resume)
optimizer aaebe180 is done!
(33 jobs left to resume)

optimizer 95201b6b is done!
(32 jobs left to resume)

optimizer d5b96d9b is done!
(31 jobs left to resume)

optimizer faac7636 is done!
(30 jobs left to resume)

optimizer 1405df4d is done!
(29 jobs left to resume)

(28 jobs left to resume)
optimizer 1362b2ee is done!
(27 jobs left to resume)

optimizer ad906ce4 is done!

(26 jobs left to resume)
optimizer 97c85613 is done!
(25 jobs left to resume)

optimizer 79913322 is done!
(24 jobs left to resume)

optimizer c3e5b906 is done!

(23 jobs left to resume)
optimizer d0e0f8ea is done!
(22 jobs left to resume)

optimizer 9cea6f2f is done!
(21 jobs left to resume)

optimizer dea13dfd is done!
(20 jobs left to resume)

optimizer deac7724 is done!

(19 jobs left to resume)
optimizer fb1dc38d is done!
(18 jobs left to resume)

optimizer 7d735a18 is done!
(17 jobs left to resume)

optimizer 67230efa is done!

(16 jobs left to resume)
optimizer cbfabd3b is done!
(15 jobs left to resume)

optimizer 7b6e4a3e is done!
(14 jobs left to resume)

optimizer 9d625490 is done!

(13 jobs left to resume)
optimizer f17893e5 is done!
(12 jobs left to resume)

optimizer c9774da7 is done!

(11 jobs left to resume)
optimizer 7ea422c2 is done!
(10 jobs left to resume)

(9 jobs left to resume)
optimizer 6e367469 is done!
optimizer a564a126 is done!

(8 jobs left to resume)

(7 jobs left to resume)
optimizer 90abfb7b is done!

(6 jobs left to resume)
optimizer 537ee6ed is done!
(5 jobs left to resume)

optimizer 57f16041 is done!

(4 jobs left to resume)
optimizer c1d9121a is done!
(3 jobs left to resume)

optimizer 4168bb08 is done!

(2 jobs left to resume)
optimizer 742c4457 is done!
(1 jobs left to resume)

optimizer 908c904b is done!

(0 jobs left to resume)
optimizer 2ab8eb9e is done!

job 1553675282044_6126 epoch 1 loss 9.685
job 1553675282044_6126 epoch 2 loss 9.410
job 1553675282044_6126 epoch 3 loss 8.954
job 1553675282044_6126 epoch 4 loss 8.753
job 1553675282044_6126 epoch 5 loss 8.716
job 1553675282044_6126 epoch 6 loss 8.724
job 1553675282044_6126 epoch 7 loss 8.692
job 1553675282044_6126 epoch 8 loss 8.691
job 1553675282044_6126 epoch 9 loss 8.682
job 1553675282044_6126 epoch 10 loss 8.685

job 1553675282044_6079 epoch 1 loss 11.577
job 1553675282044_6079 epoch 2 loss 11.216
job 1553675282044_6079 epoch 3 loss 11.968
job 1553675282044_6079 epoch 4 loss 11.462
job 1553675282044_6079 epoch 5 loss 11.515
job 1553675282044_6079 epoch 6 loss 11.507

optimizer d0bf14ad is done!

optimizer f9af47fe is done!

job 1553675282044_5922 epoch 1 loss 11.809
job 1553675282044_5922 epoch 2 loss 11.328
job 1553675282044_5922 epoch 3 loss 11.280
job 1553675282044_5922 epoch 4 loss 11.281
job 1553675282044_5922 epoch 5 loss 11.275
job 1553675282044_5922 epoch 6 loss 11.275
job 1553675282044_5922 epoch 7 loss 11.275
job 1553675282044_5922 epoch 8 loss 11.280
job 1553675282044_5922 epoch 9 loss 11.278

optimizer 149fef40 is done!

job 1553675282044_6060 epoch 1 loss 11.149
job 1553675282044_6060 epoch 2 loss 12.177
job 1553675282044_6060 epoch 3 loss 12.133
job 1553675282044_6060 epoch 4 loss 12.175
job 1553675282044_6060 epoch 5 loss 12.146

optimizer 6b0006c8 is done!

job 1553675282044_5799 epoch 1 loss 9.634
job 1553675282044_5799 epoch 2 loss 8.830
job 1553675282044_5799 epoch 3 loss 8.753
job 1553675282044_5799 epoch 4 loss 8.741
job 1553675282044_5799 epoch 5 loss 8.739
job 1553675282044_5799 epoch 6 loss 8.737
job 1553675282044_5799 epoch 7 loss 8.737
job 1553675282044_5799 epoch 8 loss 8.737
job 1553675282044_5799 epoch 9 loss 8.737
job 1553675282044_5799 epoch 10 loss 8.737

optimizer 5305b9f0 is done!

job 1553675282044_5893 epoch 1 loss 9.233
job 1553675282044_5893 epoch 2 loss 8.889
job 1553675282044_5893 epoch 3 loss 8.898
job 1553675282044_5893 epoch 4 loss 8.750
job 1553675282044_5893 epoch 5 loss 9.166
job 1553675282044_5893 epoch 6 loss 9.355
job 1553675282044_5893 epoch 7 loss 9.380
job 1553675282044_5893 epoch 8 loss 9.482

optimizer 6ec91606 is done!

optimizer 0c2e764d found a maximum value of: -10.895
optimizer 4cf106b6 found a maximum value of: -8.058
optimizer f8293789 found a maximum value of: -8.972
optimizer 7700db73 found a maximum value of: -11.82
optimizer 672021a5 found a maximum value of: -11.382
optimizer 14620ae7 found a maximum value of: -9.651
optimizer 1c6f55f5 found a maximum value of: -11.141
optimizer 774f55ca found a maximum value of: -7.867
optimizer 5c58a147 found a maximum value of: -8.494
optimizer 2e558ffd found a maximum value of: -6.893
optimizer 50a11a48 found a maximum value of: -7.609
optimizer 66348c15 found a maximum value of: -9.686
optimizer 79812ab6 found a maximum value of: -9.196
optimizer 6f2b0cab found a maximum value of: -11.441
optimizer e8f3f5f0 found a maximum value of: -10.26
optimizer cda6f3ca found a maximum value of: -12.183
optimizer af506a75 found a maximum value of: -9.142
optimizer 8d619be0 found a maximum value of: -8.578
optimizer b21a78ea found a maximum value of: -12.058
optimizer f43dfd30 found a maximum value of: -9.803
optimizer 1b737d27 found a maximum value of: -7.948
optimizer 7090621e found a maximum value of: -9.804
optimizer 14e480f4 found a maximum value of: -9.437
optimizer 0d9373f2 found a maximum value of: -9.814
optimizer 0faf8937 found a maximum value of: -11.808
optimizer c9f1838f found a maximum value of: -11.196
optimizer ef06200a found a maximum value of: -9.169
optimizer 85cc5a71 found a maximum value of: -9.19
optimizer 74d30650 found a maximum value of: -8.026
optimizer 1b636758 found a maximum value of: -11.049
optimizer 5d6af660 found a maximum value of: -10.017
optimizer bd3b1ead found a maximum value of: -11.502
optimizer 53786b05 found a maximum value of: -6.097
optimizer 6bb7ba21 found a maximum value of: -12.167
optimizer be2eb3fc found a maximum value of: -6.893
optimizer 5fbb6c27 found a maximum value of: -9.132
optimizer 569b1cc1 found a maximum value of: -6.893
optimizer d282218c found a maximum value of: -9.103
optimizer 5a9efdd8 found a maximum value of: -8.453
optimizer d8a4b726 found a maximum value of: -11.638
optimizer 86b653c3 found a maximum value of: -11.663
optimizer 630e3940 found a maximum value of: -8.693
optimizer 21dba151 found a maximum value of: -8.194
optimizer 277567e8 found a maximum value of: -11.672
optimizer bead44dd found a maximum value of: -7.515
optimizer d6fecc49 found a maximum value of: -6.564
optimizer baa6a8b3 found a maximum value of: -8.134
optimizer 1e2656ae found a maximum value of: -11.061
optimizer 14d6af9d found a maximum value of: -9.147
optimizer 95a26a2e found a maximum value of: -11.571
optimizer 01b48039 found a maximum value of: -12.279
optimizer 94e3a2c8 found a maximum value of: -8.667
optimizer a098a1fb found a maximum value of: -11.114
optimizer bbc562d8 found a maximum value of: -11.525
optimizer aef55f03 found a maximum value of: -11.149
optimizer 7e7ab00d found a maximum value of: -9.002
optimizer f2b07319 found a maximum value of: -12.221
optimizer 425e9e3c found a maximum value of: -9.527
optimizer ec9cc854 found a maximum value of: -9.127
optimizer c2239ac6 found a maximum value of: -8.91
optimizer fda33bb1 found a maximum value of: -11.664
optimizer 32c0cf7c found a maximum value of: -9.363
optimizer ed7cf72d found a maximum value of: -9.016
optimizer 8a806c2c found a maximum value of: -12.123
optimizer f6699579 found a maximum value of: -7.802
optimizer 3beef915 found a maximum value of: -11.304
optimizer 14860bce found a maximum value of: -12.185
optimizer bdc39825 found a maximum value of: -11.979
optimizer 2146fc76 found a maximum value of: -11.942
optimizer 5bfbd999 found a maximum value of: -11.05
optimizer e9101a98 found a maximum value of: -11.508
optimizer 0d8a9ca2 found a maximum value of: -8.912
optimizer 45215872 found a maximum value of: -10.279
optimizer 2e9a5942 found a maximum value of: -9.304
optimizer 3f014b24 found a maximum value of: -11.817
optimizer 743a6d84 found a maximum value of: -11.176
optimizer aaebe180 found a maximum value of: -12.02
optimizer 95201b6b found a maximum value of: -6.893
optimizer d5b96d9b found a maximum value of: -11.5
optimizer faac7636 found a maximum value of: -8.895
optimizer 1405df4d found a maximum value of: -11.23
optimizer 1362b2ee found a maximum value of: -6.893
optimizer ad906ce4 found a maximum value of: -11.252
optimizer 97c85613 found a maximum value of: -8.399
optimizer 79913322 found a maximum value of: -11.725
optimizer c3e5b906 found a maximum value of: -9.446
optimizer d0e0f8ea found a maximum value of: -9.193
optimizer 9cea6f2f found a maximum value of: -11.343
optimizer dea13dfd found a maximum value of: -9.205
optimizer deac7724 found a maximum value of: -11.718
optimizer fb1dc38d found a maximum value of: -9.309
optimizer 7d735a18 found a maximum value of: -8.636
optimizer 67230efa found a maximum value of: -11.109
optimizer cbfabd3b found a maximum value of: -10.75
optimizer 7b6e4a3e found a maximum value of: -11.563
optimizer 9d625490 found a maximum value of: -8.64
optimizer f17893e5 found a maximum value of: -10.084
optimizer c9774da7 found a maximum value of: -12.22
optimizer 7ea422c2 found a maximum value of: -6.893
optimizer 6e367469 found a maximum value of: -7.474
optimizer a564a126 found a maximum value of: -11.786
optimizer 90abfb7b found a maximum value of: -11.169
optimizer 537ee6ed found a maximum value of: -10.185
optimizer 57f16041 found a maximum value of: -12.079
optimizer c1d9121a found a maximum value of: -11.64
optimizer 4168bb08 found a maximum value of: -9.776
optimizer 742c4457 found a maximum value of: -11.593
optimizer 908c904b found a maximum value of: -11.495
optimizer 2ab8eb9e found a maximum value of: -11.637
optimizer d0bf14ad found a maximum value of: -11.216
optimizer f9af47fe found a maximum value of: -8.682
optimizer 149fef40 found a maximum value of: -11.275
optimizer 6b0006c8 found a maximum value of: -11.149
optimizer 5305b9f0 found a maximum value of: -8.737
optimizer 6ec91606 found a maximum value of: -8.75

Maximum value: -6.097
